Build started 2016-08-04 오후 3:16:36.
     1>Project "C:\Program Files (x86)\Intel\IntelSGXSDK\src\RemoteAttestation\service_provider\service_provider.vcxproj" on node 2 (Rebuild target(s)).
       Project file contains ToolsVersion="12.0". This toolset may be unknown or missing, in which case you may be able to resolve this by installing the appropriate version of MSBuild, or the build may have been forced to a particular ToolsVersion for policy reasons. Treating the project as if it had ToolsVersion="4.0". For more information, please see http://go.microsoft.com/fwlink/?LinkId=291333.
     1>ClCompile:
         C:\Program Files (x86)\Microsoft Visual Studio 11.0\VC\bin\CL.exe /c /I..\sample_libcrypto /I"C:\Program Files (x86)\Intel\IntelSGXSDK\include" /I"C:\Program Files (x86)\Intel\IntelSGXSDK\include\epid" /I"C:\Program Files (x86)\Intel\IntelSGXSDK\include\ippcp" /ZI /nologo /W4 /WX /Od /Oy- /D WIN32 /D _DEBUG /D _WINDOWS /D _USRDLL /D SERVICE_PROVIDER_EXPORTS /D _WINDLL /D _UNICODE /D UNICODE /Gm /EHsc /RTC1 /MDd /GS /Zc:wchar_t /Zc:forScope /Fo"Debug\\" /Fd"Debug\vc110.pdb" /Gd /TP /analyze- /errorReport:prompt dllmain.cpp
         dllmain.cpp
         C:\Program Files (x86)\Microsoft Visual Studio 11.0\VC\bin\CL.exe /c /I..\sample_libcrypto /I"C:\Program Files (x86)\Intel\IntelSGXSDK\include" /I"C:\Program Files (x86)\Intel\IntelSGXSDK\include\epid" /I"C:\Program Files (x86)\Intel\IntelSGXSDK\include\ippcp" /ZI /nologo /W4 /WX /Od /Oy- /D WIN32 /D _DEBUG /D _WINDOWS /D _USRDLL /D SERVICE_PROVIDER_EXPORTS /D _WINDLL /D _UNICODE /D UNICODE /Gm /EHsc /RTC1 /MDd /GS /Zc:wchar_t /Zc:forScope /Fo"Debug\\" /Fd"Debug\vc110.pdb" /Gd /TP /analyze- /errorReport:prompt ecp.cpp ias_ra.cpp network_ra.cpp service_provider.cpp
         service_provider.cpp
         network_ra.cpp
         ias_ra.cpp
         ecp.cpp
         Default key derivation function is used.
         Generating Code...
       Link:
         C:\Program Files (x86)\Microsoft Visual Studio 11.0\VC\bin\link.exe /ERRORREPORT:PROMPT /OUT:"C:\Program Files (x86)\Intel\IntelSGXSDK\src\RemoteAttestation\Debug\service_provider.dll" /INCREMENTAL /NOLOGO /LIBPATH:..\sample_libcrypto\Win32 /LIBPATH:"C:\Program Files (x86)\Intel\IntelSGXSDK\\bin\Win32\Debug" /WX sample_libcrypto.lib kernel32.lib user32.lib gdi32.lib winspool.lib comdlg32.lib advapi32.lib shell32.lib ole32.lib oleaut32.lib uuid.lib odbc32.lib odbccp32.lib /NODEFAULTLIB:libcmtd /DEF:"service_provider.def" /MANIFEST /MANIFESTUAC:"level='asInvoker' uiAccess='false'" /manifest:embed /DEBUG /PDB:"C:\Program Files (x86)\Intel\IntelSGXSDK\src\RemoteAttestation\Debug\service_provider.pdb" /SUBSYSTEM:WINDOWS /TLBID:1 /DYNAMICBASE /NXCOMPAT /IMPLIB:"C:\Program Files (x86)\Intel\IntelSGXSDK\src\RemoteAttestation\Debug\service_provider.lib" /MACHINE:X86 /DLL Debug\dllmain.obj
         Debug\ecp.obj
         Debug\ias_ra.obj
         Debug\network_ra.obj
         Debug\service_provider.obj
            Creating library C:\Program Files (x86)\Intel\IntelSGXSDK\src\RemoteAttestation\Debug\service_provider.lib and object C:\Program Files (x86)\Intel\IntelSGXSDK\src\RemoteAttestation\Debug\service_provider.exp
         service_provider.vcxproj -> C:\Program Files (x86)\Intel\IntelSGXSDK\src\RemoteAttestation\Debug\service_provider.dll
     1>Done Building Project "C:\Program Files (x86)\Intel\IntelSGXSDK\src\RemoteAttestation\service_provider\service_provider.vcxproj" (Rebuild target(s)).

Build succeeded.

Time Elapsed 00:00:01.36
