c:\users\ina-sgx-user\desktop\torvs2012\tororignialvs2012\tororiginalvs2012\tororiginalgencert\x64\debug\vc120.pdb
c:\users\ina-sgx-user\desktop\torvs2012\tororignialvs2012\tororiginalvs2012\tororiginalgencert\x64\debug\vc120.idb
c:\users\ina-sgx-user\desktop\torvs2012\tororignialvs2012\tororiginalvs2012\tororiginalgencert\x64\debug\routerparse.obj
c:\users\ina-sgx-user\desktop\torvs2012\tororignialvs2012\tororiginalvs2012\tororiginalgencert\x64\debug\routerset.obj
c:\users\ina-sgx-user\desktop\torvs2012\tororignialvs2012\tororiginalvs2012\tororiginalgencert\x64\debug\sandbox.obj
c:\users\ina-sgx-user\desktop\torvs2012\tororignialvs2012\tororiginalvs2012\tororiginalgencert\x64\debug\scheduler.obj
c:\users\ina-sgx-user\desktop\torvs2012\tororignialvs2012\tororiginalvs2012\tororiginalgencert\x64\debug\sc_muladd.obj
c:\users\ina-sgx-user\desktop\torvs2012\tororignialvs2012\tororiginalvs2012\tororiginalgencert\x64\debug\sc_reduce.obj
c:\users\ina-sgx-user\desktop\torvs2012\tororignialvs2012\tororiginalvs2012\tororiginalgencert\x64\debug\sign.obj
c:\users\ina-sgx-user\desktop\torvs2012\tororignialvs2012\tororiginalvs2012\tororiginalgencert\x64\debug\statefile.obj
c:\users\ina-sgx-user\desktop\torvs2012\tororignialvs2012\tororiginalvs2012\tororiginalgencert\x64\debug\status.obj
c:\users\ina-sgx-user\desktop\torvs2012\tororignialvs2012\tororiginalvs2012\tororiginalgencert\x64\debug\tinytest.obj
c:\users\ina-sgx-user\desktop\torvs2012\tororignialvs2012\tororiginalvs2012\tororiginalgencert\x64\debug\tor-gencert.obj
c:\users\ina-sgx-user\desktop\torvs2012\tororignialvs2012\tororiginalvs2012\tororiginalgencert\x64\debug\torcert.obj
c:\users\ina-sgx-user\desktop\torvs2012\tororignialvs2012\tororiginalvs2012\tororiginalgencert\x64\debug\torgzip.obj
c:\users\ina-sgx-user\desktop\torvs2012\tororignialvs2012\tororiginalvs2012\tororiginalgencert\x64\debug\tortls.obj
c:\users\ina-sgx-user\desktop\torvs2012\tororignialvs2012\tororiginalvs2012\tororiginalgencert\x64\debug\transports.obj
c:\users\ina-sgx-user\desktop\torvs2012\tororignialvs2012\tororiginalvs2012\tororiginalgencert\x64\debug\trunnel.obj
c:\users\ina-sgx-user\desktop\torvs2012\tororignialvs2012\tororiginalvs2012\tororiginalgencert\x64\debug\util.obj
c:\users\ina-sgx-user\desktop\torvs2012\tororignialvs2012\tororiginalvs2012\tororiginalgencert\x64\debug\util_format.obj
c:\users\ina-sgx-user\desktop\torvs2012\tororignialvs2012\tororiginalvs2012\tororiginalgencert\x64\debug\util_process.obj
c:\users\ina-sgx-user\desktop\torvs2012\tororignialvs2012\tororiginalvs2012\tororiginalgencert\x64\debug\workqueue.obj
c:\users\ina-sgx-user\desktop\torvs2012\tororignialvs2012\tororiginalvs2012\tororiginalgencert\x64\debug\onion.obj
c:\users\ina-sgx-user\desktop\torvs2012\tororignialvs2012\tororiginalvs2012\tororiginalgencert\x64\debug\onion_fast.obj
c:\users\ina-sgx-user\desktop\torvs2012\tororignialvs2012\tororiginalvs2012\tororiginalgencert\x64\debug\onion_ntor.obj
c:\users\ina-sgx-user\desktop\torvs2012\tororignialvs2012\tororiginalvs2012\tororiginalgencert\x64\debug\onion_tap.obj
c:\users\ina-sgx-user\desktop\torvs2012\tororignialvs2012\tororiginalvs2012\tororiginalgencert\x64\debug\open.obj
c:\users\ina-sgx-user\desktop\torvs2012\tororignialvs2012\tororiginalvs2012\tororiginalgencert\x64\debug\policies.obj
c:\users\ina-sgx-user\desktop\torvs2012\tororignialvs2012\tororiginalvs2012\tororiginalgencert\x64\debug\procmon.obj
c:\users\ina-sgx-user\desktop\torvs2012\tororignialvs2012\tororiginalvs2012\tororiginalgencert\x64\debug\pwbox.obj
c:\users\ina-sgx-user\desktop\torvs2012\tororignialvs2012\tororiginalvs2012\tororiginalgencert\x64\debug\reasons.obj
c:\users\ina-sgx-user\desktop\torvs2012\tororignialvs2012\tororiginalvs2012\tororiginalgencert\x64\debug\relay.obj
c:\users\ina-sgx-user\desktop\torvs2012\tororignialvs2012\tororiginalvs2012\tororiginalgencert\x64\debug\rendcache.obj
c:\users\ina-sgx-user\desktop\torvs2012\tororignialvs2012\tororiginalvs2012\tororiginalgencert\x64\debug\rendclient.obj
c:\users\ina-sgx-user\desktop\torvs2012\tororignialvs2012\tororiginalvs2012\tororiginalgencert\x64\debug\rendcommon.obj
c:\users\ina-sgx-user\desktop\torvs2012\tororignialvs2012\tororiginalvs2012\tororiginalgencert\x64\debug\rendmid.obj
c:\users\ina-sgx-user\desktop\torvs2012\tororignialvs2012\tororiginalvs2012\tororiginalgencert\x64\debug\rendservice.obj
c:\users\ina-sgx-user\desktop\torvs2012\tororignialvs2012\tororiginalvs2012\tororiginalgencert\x64\debug\rephist.obj
c:\users\ina-sgx-user\desktop\torvs2012\tororignialvs2012\tororiginalvs2012\tororiginalgencert\x64\debug\replaycache.obj
c:\users\ina-sgx-user\desktop\torvs2012\tororignialvs2012\tororiginalvs2012\tororiginalgencert\x64\debug\router.obj
c:\users\ina-sgx-user\desktop\torvs2012\tororignialvs2012\tororiginalvs2012\tororiginalgencert\x64\debug\routerkeys.obj
c:\users\ina-sgx-user\desktop\torvs2012\tororignialvs2012\tororiginalvs2012\tororiginalgencert\x64\debug\routerlist.obj
c:\users\ina-sgx-user\desktop\torvs2012\tororignialvs2012\tororiginalvs2012\tororiginalgencert\x64\debug\ge_p3_dbl.obj
c:\users\ina-sgx-user\desktop\torvs2012\tororignialvs2012\tororiginalvs2012\tororiginalgencert\x64\debug\ge_p3_tobytes.obj
c:\users\ina-sgx-user\desktop\torvs2012\tororignialvs2012\tororiginalvs2012\tororiginalgencert\x64\debug\ge_p3_to_cached.obj
c:\users\ina-sgx-user\desktop\torvs2012\tororignialvs2012\tororiginalvs2012\tororiginalgencert\x64\debug\ge_p3_to_p2.obj
c:\users\ina-sgx-user\desktop\torvs2012\tororignialvs2012\tororiginalvs2012\tororiginalgencert\x64\debug\ge_precomp_0.obj
c:\users\ina-sgx-user\desktop\torvs2012\tororignialvs2012\tororiginalvs2012\tororiginalgencert\x64\debug\ge_scalarmult_base.obj
c:\users\ina-sgx-user\desktop\torvs2012\tororignialvs2012\tororiginalvs2012\tororiginalgencert\x64\debug\ge_sub.obj
c:\users\ina-sgx-user\desktop\torvs2012\tororignialvs2012\tororiginalvs2012\tororiginalgencert\x64\debug\ge_tobytes.obj
c:\users\ina-sgx-user\desktop\torvs2012\tororignialvs2012\tororiginalvs2012\tororiginalgencert\x64\debug\hibernate.obj
c:\users\ina-sgx-user\desktop\torvs2012\tororignialvs2012\tororiginalvs2012\tororiginalgencert\x64\debug\keyconv.obj
c:\users\ina-sgx-user\desktop\torvs2012\tororignialvs2012\tororiginalvs2012\tororiginalgencert\x64\debug\keypair.obj
c:\users\ina-sgx-user\desktop\torvs2012\tororignialvs2012\tororiginalvs2012\tororiginalgencert\x64\debug\keypin.obj
c:\users\ina-sgx-user\desktop\torvs2012\tororignialvs2012\tororiginalvs2012\tororiginalgencert\x64\debug\link_handshake.obj
c:\users\ina-sgx-user\desktop\torvs2012\tororignialvs2012\tororiginalvs2012\tororiginalgencert\x64\debug\log.obj
c:\users\ina-sgx-user\desktop\torvs2012\tororignialvs2012\tororiginalvs2012\tororiginalgencert\x64\debug\main.obj
c:\users\ina-sgx-user\desktop\torvs2012\tororignialvs2012\tororiginalvs2012\tororiginalgencert\x64\debug\memarea.obj
c:\users\ina-sgx-user\desktop\torvs2012\tororignialvs2012\tororiginalvs2012\tororiginalgencert\x64\debug\microdesc.obj
c:\users\ina-sgx-user\desktop\torvs2012\tororignialvs2012\tororiginalvs2012\tororiginalgencert\x64\debug\networkstatus.obj
c:\users\ina-sgx-user\desktop\torvs2012\tororignialvs2012\tororiginalvs2012\tororiginalgencert\x64\debug\nodelist.obj
c:\users\ina-sgx-user\desktop\torvs2012\tororignialvs2012\tororiginalvs2012\tororiginalgencert\x64\debug\ntmain.obj
c:\users\ina-sgx-user\desktop\torvs2012\tororignialvs2012\tororiginalvs2012\tororiginalgencert\x64\debug\fe_isnonzero.obj
c:\users\ina-sgx-user\desktop\torvs2012\tororignialvs2012\tororiginalvs2012\tororiginalgencert\x64\debug\fe_mul.obj
c:\users\ina-sgx-user\desktop\torvs2012\tororignialvs2012\tororiginalvs2012\tororiginalgencert\x64\debug\fe_neg.obj
c:\users\ina-sgx-user\desktop\torvs2012\tororignialvs2012\tororiginalvs2012\tororiginalgencert\x64\debug\fe_pow22523.obj
c:\users\ina-sgx-user\desktop\torvs2012\tororignialvs2012\tororiginalvs2012\tororiginalgencert\x64\debug\fe_sq.obj
c:\users\ina-sgx-user\desktop\torvs2012\tororignialvs2012\tororiginalvs2012\tororiginalgencert\x64\debug\fe_sq2.obj
c:\users\ina-sgx-user\desktop\torvs2012\tororignialvs2012\tororiginalvs2012\tororiginalgencert\x64\debug\fe_sub.obj
c:\users\ina-sgx-user\desktop\torvs2012\tororignialvs2012\tororiginalvs2012\tororiginalgencert\x64\debug\fe_tobytes.obj
c:\users\ina-sgx-user\desktop\torvs2012\tororignialvs2012\tororiginalvs2012\tororiginalgencert\x64\debug\fp_pair.obj
c:\users\ina-sgx-user\desktop\torvs2012\tororignialvs2012\tororiginalvs2012\tororiginalgencert\x64\debug\geoip.obj
c:\users\ina-sgx-user\desktop\torvs2012\tororignialvs2012\tororiginalvs2012\tororiginalgencert\x64\debug\ge_add.obj
c:\users\ina-sgx-user\desktop\torvs2012\tororignialvs2012\tororiginalvs2012\tororiginalgencert\x64\debug\ge_double_scalarmult.obj
c:\users\ina-sgx-user\desktop\torvs2012\tororignialvs2012\tororiginalvs2012\tororiginalgencert\x64\debug\ge_frombytes.obj
c:\users\ina-sgx-user\desktop\torvs2012\tororignialvs2012\tororiginalvs2012\tororiginalgencert\x64\debug\ge_madd.obj
c:\users\ina-sgx-user\desktop\torvs2012\tororignialvs2012\tororiginalvs2012\tororiginalgencert\x64\debug\ge_msub.obj
c:\users\ina-sgx-user\desktop\torvs2012\tororignialvs2012\tororiginalvs2012\tororiginalgencert\x64\debug\ge_p1p1_to_p2.obj
c:\users\ina-sgx-user\desktop\torvs2012\tororignialvs2012\tororiginalvs2012\tororiginalgencert\x64\debug\ge_p1p1_to_p3.obj
c:\users\ina-sgx-user\desktop\torvs2012\tororignialvs2012\tororiginalvs2012\tororiginalgencert\x64\debug\ge_p2_0.obj
c:\users\ina-sgx-user\desktop\torvs2012\tororignialvs2012\tororiginalvs2012\tororiginalgencert\x64\debug\ge_p2_dbl.obj
c:\users\ina-sgx-user\desktop\torvs2012\tororignialvs2012\tororiginalvs2012\tororiginalgencert\x64\debug\ge_p3_0.obj
c:\users\ina-sgx-user\desktop\torvs2012\tororignialvs2012\tororiginalvs2012\tororiginalgencert\x64\debug\curve25519-donna.obj
c:\users\ina-sgx-user\desktop\torvs2012\tororignialvs2012\tororiginalvs2012\tororiginalgencert\x64\debug\dircollate.obj
c:\users\ina-sgx-user\desktop\torvs2012\tororignialvs2012\tororiginalvs2012\tororiginalgencert\x64\debug\directory.obj
c:\users\ina-sgx-user\desktop\torvs2012\tororignialvs2012\tororiginalvs2012\tororiginalgencert\x64\debug\dirserv.obj
c:\users\ina-sgx-user\desktop\torvs2012\tororignialvs2012\tororiginalvs2012\tororiginalgencert\x64\debug\dirvote.obj
c:\users\ina-sgx-user\desktop\torvs2012\tororignialvs2012\tororiginalvs2012\tororiginalgencert\x64\debug\di_ops.obj
c:\users\ina-sgx-user\desktop\torvs2012\tororignialvs2012\tororiginalvs2012\tororiginalgencert\x64\debug\dns.obj
c:\users\ina-sgx-user\desktop\torvs2012\tororignialvs2012\tororiginalvs2012\tororiginalgencert\x64\debug\dnsserv.obj
c:\users\ina-sgx-user\desktop\torvs2012\tororignialvs2012\tororiginalvs2012\tororiginalgencert\x64\debug\ed25519_cert.obj
c:\users\ina-sgx-user\desktop\torvs2012\tororignialvs2012\tororiginalvs2012\tororiginalgencert\x64\debug\ed25519_tor.obj
c:\users\ina-sgx-user\desktop\torvs2012\tororignialvs2012\tororiginalvs2012\tororiginalgencert\x64\debug\entrynodes.obj
c:\users\ina-sgx-user\desktop\torvs2012\tororignialvs2012\tororiginalvs2012\tororiginalgencert\x64\debug\ext_orport.obj
c:\users\ina-sgx-user\desktop\torvs2012\tororignialvs2012\tororiginalvs2012\tororiginalgencert\x64\debug\fe_0.obj
c:\users\ina-sgx-user\desktop\torvs2012\tororignialvs2012\tororiginalvs2012\tororiginalgencert\x64\debug\fe_1.obj
c:\users\ina-sgx-user\desktop\torvs2012\tororignialvs2012\tororiginalvs2012\tororiginalgencert\x64\debug\fe_add.obj
c:\users\ina-sgx-user\desktop\torvs2012\tororignialvs2012\tororiginalvs2012\tororiginalgencert\x64\debug\fe_cmov.obj
c:\users\ina-sgx-user\desktop\torvs2012\tororignialvs2012\tororiginalvs2012\tororiginalgencert\x64\debug\fe_copy.obj
c:\users\ina-sgx-user\desktop\torvs2012\tororignialvs2012\tororiginalvs2012\tororiginalgencert\x64\debug\fe_frombytes.obj
c:\users\ina-sgx-user\desktop\torvs2012\tororignialvs2012\tororiginalvs2012\tororiginalgencert\x64\debug\fe_invert.obj
c:\users\ina-sgx-user\desktop\torvs2012\tororignialvs2012\tororiginalvs2012\tororiginalgencert\x64\debug\fe_isnegative.obj
c:\users\ina-sgx-user\desktop\torvs2012\tororignialvs2012\tororiginalvs2012\tororiginalgencert\x64\debug\command.obj
c:\users\ina-sgx-user\desktop\torvs2012\tororignialvs2012\tororiginalvs2012\tororiginalgencert\x64\debug\compat.obj
c:\users\ina-sgx-user\desktop\torvs2012\tororignialvs2012\tororiginalvs2012\tororiginalgencert\x64\debug\compat_libevent.obj
c:\users\ina-sgx-user\desktop\torvs2012\tororignialvs2012\tororiginalvs2012\tororiginalgencert\x64\debug\compat_threads.obj
c:\users\ina-sgx-user\desktop\torvs2012\tororignialvs2012\tororiginalvs2012\tororiginalgencert\x64\debug\compat_winthreads.obj
c:\users\ina-sgx-user\desktop\torvs2012\tororignialvs2012\tororiginalvs2012\tororiginalgencert\x64\debug\config.obj
c:\users\ina-sgx-user\desktop\torvs2012\tororignialvs2012\tororiginalvs2012\tororiginalgencert\x64\debug\confparse.obj
c:\users\ina-sgx-user\desktop\torvs2012\tororignialvs2012\tororiginalvs2012\tororiginalgencert\x64\debug\connection.obj
c:\users\ina-sgx-user\desktop\torvs2012\tororignialvs2012\tororiginalvs2012\tororiginalgencert\x64\debug\connection_edge.obj
c:\users\ina-sgx-user\desktop\torvs2012\tororignialvs2012\tororiginalvs2012\tororiginalgencert\x64\debug\connection_or.obj
c:\users\ina-sgx-user\desktop\torvs2012\tororignialvs2012\tororiginalvs2012\tororiginalgencert\x64\debug\container.obj
c:\users\ina-sgx-user\desktop\torvs2012\tororignialvs2012\tororiginalvs2012\tororiginalgencert\x64\debug\control.obj
c:\users\ina-sgx-user\desktop\torvs2012\tororignialvs2012\tororiginalvs2012\tororiginalgencert\x64\debug\cpuworker.obj
c:\users\ina-sgx-user\desktop\torvs2012\tororignialvs2012\tororiginalvs2012\tororiginalgencert\x64\debug\crypto.obj
c:\users\ina-sgx-user\desktop\torvs2012\tororignialvs2012\tororiginalvs2012\tororiginalgencert\x64\debug\crypto_curve25519.obj
c:\users\ina-sgx-user\desktop\torvs2012\tororignialvs2012\tororiginalvs2012\tororiginalgencert\x64\debug\crypto_ed25519.obj
c:\users\ina-sgx-user\desktop\torvs2012\tororignialvs2012\tororiginalvs2012\tororiginalgencert\x64\debug\crypto_format.obj
c:\users\ina-sgx-user\desktop\torvs2012\tororignialvs2012\tororiginalvs2012\tororiginalgencert\x64\debug\crypto_pwbox.obj
c:\users\ina-sgx-user\desktop\torvs2012\tororignialvs2012\tororiginalvs2012\tororiginalgencert\x64\debug\crypto_s2k.obj
c:\users\ina-sgx-user\desktop\torvs2012\tororignialvs2012\tororiginalvs2012\tororiginalgencert\x64\debug\csiphash.obj
c:\users\ina-sgx-user\desktop\torvs2012\tororignialvs2012\tororiginalvs2012\tororiginalgencert\x64\debug\address.obj
c:\users\ina-sgx-user\desktop\torvs2012\tororignialvs2012\tororiginalvs2012\tororiginalgencert\x64\debug\addressmap.obj
c:\users\ina-sgx-user\desktop\torvs2012\tororignialvs2012\tororiginalvs2012\tororiginalgencert\x64\debug\aes.obj
c:\users\ina-sgx-user\desktop\torvs2012\tororignialvs2012\tororiginalvs2012\tororiginalgencert\x64\debug\backtrace.obj
c:\users\ina-sgx-user\desktop\torvs2012\tororignialvs2012\tororiginalvs2012\tororiginalgencert\x64\debug\blinding.obj
c:\users\ina-sgx-user\desktop\torvs2012\tororignialvs2012\tororiginalvs2012\tororiginalgencert\x64\debug\buffers.obj
c:\users\ina-sgx-user\desktop\torvs2012\tororignialvs2012\tororiginalvs2012\tororiginalgencert\x64\debug\channel.obj
c:\users\ina-sgx-user\desktop\torvs2012\tororignialvs2012\tororiginalvs2012\tororiginalgencert\x64\debug\channeltls.obj
c:\users\ina-sgx-user\desktop\torvs2012\tororignialvs2012\tororiginalvs2012\tororiginalgencert\x64\debug\circpathbias.obj
c:\users\ina-sgx-user\desktop\torvs2012\tororignialvs2012\tororiginalvs2012\tororiginalgencert\x64\debug\circuitbuild.obj
c:\users\ina-sgx-user\desktop\torvs2012\tororignialvs2012\tororiginalvs2012\tororiginalgencert\x64\debug\circuitlist.obj
c:\users\ina-sgx-user\desktop\torvs2012\tororignialvs2012\tororiginalvs2012\tororiginalgencert\x64\debug\circuitmux.obj
c:\users\ina-sgx-user\desktop\torvs2012\tororignialvs2012\tororiginalvs2012\tororiginalgencert\x64\debug\circuitmux_ewma.obj
c:\users\ina-sgx-user\desktop\torvs2012\tororignialvs2012\tororiginalvs2012\tororiginalgencert\x64\debug\circuitstats.obj
c:\users\ina-sgx-user\desktop\torvs2012\tororignialvs2012\tororiginalvs2012\tororiginalgencert\x64\debug\circuituse.obj
c:\users\ina-sgx-user\desktop\torvs2012\tororignialvs2012\tororiginalvs2012\tororiginalgencert\x64\debug\remote_attest_server.obj
c:\users\ina-sgx-user\desktop\torvs2012\tororignialvs2012\tororiginalvs2012\x64\debug\tororiginalgencert.exe
c:\users\ina-sgx-user\desktop\torvs2012\tororignialvs2012\tororiginalvs2012\x64\debug\tororiginalgencert.pdb
c:\users\ina-sgx-user\desktop\torvs2012\tororignialvs2012\tororiginalvs2012\tororiginalgencert\x64\debug\tororigi.b7369a12.tlog\cl.command.1.tlog
c:\users\ina-sgx-user\desktop\torvs2012\tororignialvs2012\tororiginalvs2012\tororiginalgencert\x64\debug\tororigi.b7369a12.tlog\cl.read.1.tlog
c:\users\ina-sgx-user\desktop\torvs2012\tororignialvs2012\tororiginalvs2012\tororiginalgencert\x64\debug\tororigi.b7369a12.tlog\cl.write.1.tlog
c:\users\ina-sgx-user\desktop\torvs2012\tororignialvs2012\tororiginalvs2012\tororiginalgencert\x64\debug\tororigi.b7369a12.tlog\link.command.1.tlog
c:\users\ina-sgx-user\desktop\torvs2012\tororignialvs2012\tororiginalvs2012\tororiginalgencert\x64\debug\tororigi.b7369a12.tlog\link.read.1.tlog
c:\users\ina-sgx-user\desktop\torvs2012\tororignialvs2012\tororiginalvs2012\tororiginalgencert\x64\debug\tororigi.b7369a12.tlog\link.write.1.tlog
