Build started 2016-09-01 오전 12:48:50.
     1>Project "C:\Users\INA-SGX-USER\Desktop\TorVS2012\TorOrignialVS2012\TorOriginalVS2012\TorOriginalGenCert\TorOriginalGenCert.vcxproj" on node 2 (Build target(s)).
     1>ClCompile:
         C:\Program Files (x86)\Microsoft Visual Studio 12.0\VC\bin\x86_amd64\CL.exe /c /I"C:\Users\INA-SGX-USER\Desktop\TorVS2012\TorOrignialVS2012\TorOriginalVS2012\TorOriginalGenCert\\..\..\..\zlib-1.2.8" /I"C:\Users\INA-SGX-USER\Desktop\TorVS2012\TorOrignialVS2012\TorOriginalVS2012\TorOriginalGenCert\\..\..\..\OpenSSL_APP\include" /I"C:\Users\INA-SGX-USER\Desktop\TorVS2012\TorOrignialVS2012\TorOriginalVS2012\TorOriginalGenCert\\..\..\..\LibEvent_APP\WIN32-Code" /I"C:\Users\INA-SGX-USER\Desktop\TorVS2012\TorOrignialVS2012\TorOriginalVS2012\TorOriginalGenCert\\..\..\..\LibEvent_APP\include" /I"C:\Users\INA-SGX-USER\Desktop\TorVS2012\TorOrignialVS2012\TorOriginalVS2012\TorOriginalGenCert\\..\..\..\LibEvent_APP" /I"C:\Program Files (x86)\Intel\IntelSGXSDK\\include" /I"C:\Users\INA-SGX-USER\Desktop\TorVS2012\TorOrignialVS2012\TorOriginalVS2012\\service_provider" /Zi /nologo /W0 /WX- /Od /D WIN32 /D _DEBUG /D _CONSOLE /Gm /EHsc /RTC1 /MTd /GS /fp:precise /Zc:wchar_t /Zc:forScope /Fo"x64\Debug\\" /Fd"x64\Debug\vc120.pdb" /Gd /TC /errorReport:prompt -DED25519_SUFFIX=_donna ..\address.c ..\addressmap.c ..\aes.c ..\backtrace.c ..\blinding.c ..\buffers.c ..\channel.c ..\channeltls.c ..\circpathbias.c ..\circuitbuild.c ..\circuitlist.c ..\circuitmux.c ..\circuitmux_ewma.c ..\circuitstats.c ..\circuituse.c ..\command.c ..\compat.c ..\compat_libevent.c ..\compat_threads.c ..\compat_winthreads.c ..\config.c ..\confparse.c ..\connection.c ..\connection_edge.c ..\connection_or.c ..\container.c ..\control.c ..\cpuworker.c ..\crypto.c ..\crypto_curve25519.c ..\crypto_ed25519.c ..\crypto_format.c ..\crypto_pwbox.c ..\crypto_s2k.c ..\csiphash.c "..\curve25519-donna.c" ..\dircollate.c ..\directory.c ..\dirserv.c ..\dirvote.c ..\di_ops.c ..\dns.c ..\dnsserv.c ..\ed25519_cert.c ..\ed25519_tor.c ..\entrynodes.c ..\ext_orport.c ..\fe_0.c ..\fe_1.c ..\fe_add.c ..\fe_cmov.c ..\fe_copy.c ..\fe_frombytes.c ..\fe_invert.c ..\fe_isnegative.c ..\fe_isnonzero.c ..\fe_mul.c ..\fe_neg.c ..\fe_pow22523.c ..\fe_sq.c ..\fe_sq2.c ..\fe_sub.c ..\fe_tobytes.c ..\fp_pair.c ..\geoip.c ..\ge_add.c ..\ge_double_scalarmult.c ..\ge_frombytes.c ..\ge_madd.c ..\ge_msub.c ..\ge_p1p1_to_p2.c ..\ge_p1p1_to_p3.c ..\ge_p2_0.c ..\ge_p2_dbl.c ..\ge_p3_0.c ..\ge_p3_dbl.c ..\ge_p3_tobytes.c ..\ge_p3_to_cached.c ..\ge_p3_to_p2.c ..\ge_precomp_0.c ..\ge_scalarmult_base.c ..\ge_sub.c ..\ge_tobytes.c ..\hibernate.c ..\keyconv.c ..\keypair.c ..\keypin.c ..\link_handshake.c ..\log.c ..\main.c ..\memarea.c ..\microdesc.c ..\networkstatus.c ..\nodelist.c ..\ntmain.c ..\onion.c ..\onion_fast.c ..\onion_ntor.c ..\onion_tap.c ..\open.c ..\policies.c ..\procmon.c ..\pwbox.c ..\reasons.c ..\relay.c ..\rendcache.c ..\rendclient.c ..\rendcommon.c ..\rendmid.c ..\rendservice.c ..\rephist.c ..\replaycache.c ..\router.c ..\routerkeys.c ..\routerlist.c ..\routerparse.c ..\routerset.c ..\sandbox.c ..\scheduler.c ..\sc_muladd.c ..\sc_reduce.c ..\sign.c ..\statefile.c ..\status.c ..\tinytest.c "..\tor-gencert.c" ..\torcert.c ..\torgzip.c ..\tortls.c ..\transports.c ..\trunnel.c ..\util.c ..\util_format.c ..\util_process.c ..\workqueue.c
         workqueue.c
         util_process.c
         util_format.c
         util.c
         trunnel.c
         transports.c
         tortls.c
         torgzip.c
         torcert.c
         tor-gencert.c
         tinytest.c
         status.c
         statefile.c
         sign.c
         sc_reduce.c
         sc_muladd.c
         scheduler.c
         sandbox.c
         routerset.c
         routerparse.c
         Generating Code...
         Compiling...
         routerlist.c
         routerkeys.c
         router.c
         replaycache.c
         rephist.c
         rendservice.c
         rendmid.c
         rendcommon.c
         rendclient.c
         rendcache.c
         relay.c
         reasons.c
         pwbox.c
         procmon.c
         policies.c
         open.c
         onion_tap.c
         onion_ntor.c
         onion_fast.c
         onion.c
         Generating Code...
         Compiling...
         ntmain.c
         nodelist.c
         networkstatus.c
         microdesc.c
         memarea.c
         main.c
         log.c
         link_handshake.c
         keypin.c
         keypair.c
         keyconv.c
         hibernate.c
         ge_tobytes.c
         ge_sub.c
         ge_scalarmult_base.c
         ge_precomp_0.c
         ge_p3_to_p2.c
         ge_p3_to_cached.c
         ge_p3_tobytes.c
         ge_p3_dbl.c
         Generating Code...
         Compiling...
         ge_p3_0.c
         ge_p2_dbl.c
         ge_p2_0.c
         ge_p1p1_to_p3.c
         ge_p1p1_to_p2.c
         ge_msub.c
         ge_madd.c
         ge_frombytes.c
         ge_double_scalarmult.c
         ge_add.c
         geoip.c
         fp_pair.c
         fe_tobytes.c
         fe_sub.c
         fe_sq2.c
         fe_sq.c
         fe_pow22523.c
         fe_neg.c
         fe_mul.c
         fe_isnonzero.c
         Generating Code...
         Compiling...
         fe_isnegative.c
         fe_invert.c
         fe_frombytes.c
         fe_copy.c
         fe_cmov.c
         fe_add.c
         fe_1.c
         fe_0.c
         ext_orport.c
         entrynodes.c
         ed25519_tor.c
         ed25519_cert.c
         dnsserv.c
         dns.c
         di_ops.c
         dirvote.c
         dirserv.c
         directory.c
         dircollate.c
         curve25519-donna.c
         Generating Code...
         Compiling...
         csiphash.c
         crypto_s2k.c
         crypto_pwbox.c
         crypto_format.c
         crypto_ed25519.c
         crypto_curve25519.c
         crypto.c
         cpuworker.c
         control.c
         container.c
         connection_or.c
         connection_edge.c
         connection.c
         confparse.c
         config.c
         compat_winthreads.c
         compat_threads.c
         compat_libevent.c
         compat.c
         command.c
         Generating Code...
         Compiling...
         circuituse.c
         circuitstats.c
         circuitmux_ewma.c
         circuitmux.c
         circuitlist.c
         circuitbuild.c
         circpathbias.c
         channeltls.c
         channel.c
         buffers.c
         blinding.c
         backtrace.c
         aes.c
         addressmap.c
         address.c
         Generating Code...
         C:\Program Files (x86)\Microsoft Visual Studio 12.0\VC\bin\x86_amd64\CL.exe /c /I"C:\Users\INA-SGX-USER\Desktop\TorVS2012\TorOrignialVS2012\TorOriginalVS2012\TorOriginalGenCert\\..\..\..\zlib-1.2.8" /I"C:\Users\INA-SGX-USER\Desktop\TorVS2012\TorOrignialVS2012\TorOriginalVS2012\TorOriginalGenCert\\..\..\..\OpenSSL_APP\include" /I"C:\Users\INA-SGX-USER\Desktop\TorVS2012\TorOrignialVS2012\TorOriginalVS2012\TorOriginalGenCert\\..\..\..\LibEvent_APP\WIN32-Code" /I"C:\Users\INA-SGX-USER\Desktop\TorVS2012\TorOrignialVS2012\TorOriginalVS2012\TorOriginalGenCert\\..\..\..\LibEvent_APP\include" /I"C:\Users\INA-SGX-USER\Desktop\TorVS2012\TorOrignialVS2012\TorOriginalVS2012\TorOriginalGenCert\\..\..\..\LibEvent_APP" /I"C:\Program Files (x86)\Intel\IntelSGXSDK\\include" /I"C:\Users\INA-SGX-USER\Desktop\TorVS2012\TorOrignialVS2012\TorOriginalVS2012\\service_provider" /Zi /nologo /W0 /WX- /Od /D WIN32 /D _DEBUG /D _CONSOLE /Gm /EHsc /RTC1 /MTd /GS /fp:precise /Zc:wchar_t /Zc:forScope /Fo"x64\Debug\\" /Fd"x64\Debug\vc120.pdb" /Gd /TP /errorReport:prompt -DED25519_SUFFIX=_donna ..\remote_attest_server.cpp
         remote_attest_server.cpp
       Link:
         C:\Program Files (x86)\Microsoft Visual Studio 12.0\VC\bin\x86_amd64\link.exe /ERRORREPORT:PROMPT /OUT:"C:\Users\INA-SGX-USER\Desktop\TorVS2012\TorOrignialVS2012\TorOriginalVS2012\x64\Debug\TorOriginalGenCert.exe" /INCREMENTAL:NO /NOLOGO /LIBPATH:"C:\Users\INA-SGX-USER\Desktop\TorVS2012\TorOrignialVS2012\TorOriginalVS2012\TorOriginalGenCert\\..\..\..\LibEvent_APP" /LIBPATH:"C:\Users\INA-SGX-USER\Desktop\TorVS2012\TorOrignialVS2012\TorOriginalVS2012\TorOriginalGenCert\\..\..\..\zlib-1.2.8\contrib\vstudio\vc11\x64\ZlibDllRelease" /LIBPATH:"C:\Users\INA-SGX-USER\Desktop\TorVS2012\TorOrignialVS2012\TorOriginalVS2012\TorOriginalGenCert\\..\..\..\OpenSSL_APP\out32" /LIBPATH:"C:\Program Files (x86)\Intel\IntelSGXSDK\\bin\x64\Debug" /LIBPATH:"C:\Users\INA-SGX-USER\Desktop\TorVS2012\TorOrignialVS2012\TorOriginalVS2012\\x64\Debug" libeay32.lib ssleay32.lib zlibwapi.lib libevent.lib libevent_core.lib libevent_extras.lib service_provider.lib sgx_urts.lib sgx_uae_service.lib sgx_ukey_exchange.lib kernel32.lib user32.lib gdi32.lib winspool.lib comdlg32.lib advapi32.lib shell32.lib ole32.lib oleaut32.lib uuid.lib odbc32.lib odbccp32.lib /NODEFAULTLIB:libcmt.lib /MANIFEST /MANIFESTUAC:"level='asInvoker' uiAccess='false'" /manifest:embed /DEBUG /PDB:"C:\Users\INA-SGX-USER\Desktop\TorVS2012\TorOrignialVS2012\TorOriginalVS2012\x64\Debug\TorOriginalGenCert.pdb" /SUBSYSTEM:CONSOLE /LTCG /TLBID:1 /DYNAMICBASE /NXCOMPAT /IMPLIB:"C:\Users\INA-SGX-USER\Desktop\TorVS2012\TorOrignialVS2012\TorOriginalVS2012\x64\Debug\TorOriginalGenCert.lib" /MACHINE:X64 x64\Debug\address.obj
         x64\Debug\addressmap.obj
         x64\Debug\aes.obj
         x64\Debug\backtrace.obj
         x64\Debug\blinding.obj
         x64\Debug\buffers.obj
         x64\Debug\channel.obj
         x64\Debug\channeltls.obj
         x64\Debug\circpathbias.obj
         x64\Debug\circuitbuild.obj
         x64\Debug\circuitlist.obj
         x64\Debug\circuitmux.obj
         x64\Debug\circuitmux_ewma.obj
         x64\Debug\circuitstats.obj
         x64\Debug\circuituse.obj
         x64\Debug\command.obj
         x64\Debug\compat.obj
         x64\Debug\compat_libevent.obj
         x64\Debug\compat_threads.obj
         x64\Debug\compat_winthreads.obj
         x64\Debug\config.obj
         x64\Debug\confparse.obj
         x64\Debug\connection.obj
         x64\Debug\connection_edge.obj
         x64\Debug\connection_or.obj
         x64\Debug\container.obj
         x64\Debug\control.obj
         x64\Debug\cpuworker.obj
         x64\Debug\crypto.obj
         x64\Debug\crypto_curve25519.obj
         x64\Debug\crypto_ed25519.obj
         x64\Debug\crypto_format.obj
         x64\Debug\crypto_pwbox.obj
         x64\Debug\crypto_s2k.obj
         x64\Debug\csiphash.obj
         "x64\Debug\curve25519-donna.obj"
         x64\Debug\dircollate.obj
         x64\Debug\directory.obj
         x64\Debug\dirserv.obj
         x64\Debug\dirvote.obj
         x64\Debug\di_ops.obj
         x64\Debug\dns.obj
         x64\Debug\dnsserv.obj
         x64\Debug\ed25519_cert.obj
         x64\Debug\ed25519_tor.obj
         x64\Debug\entrynodes.obj
         x64\Debug\ext_orport.obj
         x64\Debug\fe_0.obj
         x64\Debug\fe_1.obj
         x64\Debug\fe_add.obj
         x64\Debug\fe_cmov.obj
         x64\Debug\fe_copy.obj
         x64\Debug\fe_frombytes.obj
         x64\Debug\fe_invert.obj
         x64\Debug\fe_isnegative.obj
         x64\Debug\fe_isnonzero.obj
         x64\Debug\fe_mul.obj
         x64\Debug\fe_neg.obj
         x64\Debug\fe_pow22523.obj
         x64\Debug\fe_sq.obj
         x64\Debug\fe_sq2.obj
         x64\Debug\fe_sub.obj
         x64\Debug\fe_tobytes.obj
         x64\Debug\fp_pair.obj
         x64\Debug\geoip.obj
         x64\Debug\ge_add.obj
         x64\Debug\ge_double_scalarmult.obj
         x64\Debug\ge_frombytes.obj
         x64\Debug\ge_madd.obj
         x64\Debug\ge_msub.obj
         x64\Debug\ge_p1p1_to_p2.obj
         x64\Debug\ge_p1p1_to_p3.obj
         x64\Debug\ge_p2_0.obj
         x64\Debug\ge_p2_dbl.obj
         x64\Debug\ge_p3_0.obj
         x64\Debug\ge_p3_dbl.obj
         x64\Debug\ge_p3_tobytes.obj
         x64\Debug\ge_p3_to_cached.obj
         x64\Debug\ge_p3_to_p2.obj
         x64\Debug\ge_precomp_0.obj
         x64\Debug\ge_scalarmult_base.obj
         x64\Debug\ge_sub.obj
         x64\Debug\ge_tobytes.obj
         x64\Debug\hibernate.obj
         x64\Debug\keyconv.obj
         x64\Debug\keypair.obj
         x64\Debug\keypin.obj
         x64\Debug\link_handshake.obj
         x64\Debug\log.obj
         x64\Debug\main.obj
         x64\Debug\memarea.obj
         x64\Debug\microdesc.obj
         x64\Debug\networkstatus.obj
         x64\Debug\nodelist.obj
         x64\Debug\ntmain.obj
         x64\Debug\onion.obj
         x64\Debug\onion_fast.obj
         x64\Debug\onion_ntor.obj
         x64\Debug\onion_tap.obj
         x64\Debug\open.obj
         x64\Debug\policies.obj
         x64\Debug\procmon.obj
         x64\Debug\pwbox.obj
         x64\Debug\reasons.obj
         x64\Debug\relay.obj
         x64\Debug\remote_attest_server.obj
         x64\Debug\rendcache.obj
         x64\Debug\rendclient.obj
         x64\Debug\rendcommon.obj
         x64\Debug\rendmid.obj
         x64\Debug\rendservice.obj
         x64\Debug\rephist.obj
         x64\Debug\replaycache.obj
         x64\Debug\router.obj
         x64\Debug\routerkeys.obj
         x64\Debug\routerlist.obj
         x64\Debug\routerparse.obj
         x64\Debug\routerset.obj
         x64\Debug\sandbox.obj
         x64\Debug\scheduler.obj
         x64\Debug\sc_muladd.obj
         x64\Debug\sc_reduce.obj
         x64\Debug\sign.obj
         x64\Debug\statefile.obj
         x64\Debug\status.obj
         x64\Debug\tinytest.obj
         "x64\Debug\tor-gencert.obj"
         x64\Debug\torcert.obj
         x64\Debug\torgzip.obj
         x64\Debug\tortls.obj
         x64\Debug\transports.obj
         x64\Debug\trunnel.obj
         x64\Debug\util.obj
         x64\Debug\util_format.obj
         x64\Debug\util_process.obj
         x64\Debug\workqueue.obj
         Generating code
         Finished generating code
     1>zlibwapi.lib(zutil.obj) : warning LNK4099: PDB 'vc120.pdb' was not found with 'zlibwapi.lib(zutil.obj)' or at 'C:\Users\INA-SGX-USER\Desktop\TorVS2012\TorOrignialVS2012\TorOriginalVS2012\x64\Debug\vc120.pdb'; linking object as if no debug info
     1>zlibwapi.lib(deflate.obj) : warning LNK4099: PDB 'vc120.pdb' was not found with 'zlibwapi.lib(deflate.obj)' or at 'C:\Users\INA-SGX-USER\Desktop\TorVS2012\TorOrignialVS2012\TorOriginalVS2012\x64\Debug\vc120.pdb'; linking object as if no debug info
     1>zlibwapi.lib(inflate.obj) : warning LNK4099: PDB 'vc120.pdb' was not found with 'zlibwapi.lib(inflate.obj)' or at 'C:\Users\INA-SGX-USER\Desktop\TorVS2012\TorOrignialVS2012\TorOriginalVS2012\x64\Debug\vc120.pdb'; linking object as if no debug info
     1>zlibwapi.lib(trees.obj) : warning LNK4099: PDB 'vc120.pdb' was not found with 'zlibwapi.lib(trees.obj)' or at 'C:\Users\INA-SGX-USER\Desktop\TorVS2012\TorOrignialVS2012\TorOriginalVS2012\x64\Debug\vc120.pdb'; linking object as if no debug info
     1>zlibwapi.lib(adler32.obj) : warning LNK4099: PDB 'vc120.pdb' was not found with 'zlibwapi.lib(adler32.obj)' or at 'C:\Users\INA-SGX-USER\Desktop\TorVS2012\TorOrignialVS2012\TorOriginalVS2012\x64\Debug\vc120.pdb'; linking object as if no debug info
     1>zlibwapi.lib(crc32.obj) : warning LNK4099: PDB 'vc120.pdb' was not found with 'zlibwapi.lib(crc32.obj)' or at 'C:\Users\INA-SGX-USER\Desktop\TorVS2012\TorOrignialVS2012\TorOriginalVS2012\x64\Debug\vc120.pdb'; linking object as if no debug info
     1>zlibwapi.lib(inffast.obj) : warning LNK4099: PDB 'vc120.pdb' was not found with 'zlibwapi.lib(inffast.obj)' or at 'C:\Users\INA-SGX-USER\Desktop\TorVS2012\TorOrignialVS2012\TorOriginalVS2012\x64\Debug\vc120.pdb'; linking object as if no debug info
     1>zlibwapi.lib(inftrees.obj) : warning LNK4099: PDB 'vc120.pdb' was not found with 'zlibwapi.lib(inftrees.obj)' or at 'C:\Users\INA-SGX-USER\Desktop\TorVS2012\TorOrignialVS2012\TorOriginalVS2012\x64\Debug\vc120.pdb'; linking object as if no debug info
         TorOriginalGenCert.vcxproj -> C:\Users\INA-SGX-USER\Desktop\TorVS2012\TorOrignialVS2012\TorOriginalVS2012\x64\Debug\TorOriginalGenCert.exe
     1>Done Building Project "C:\Users\INA-SGX-USER\Desktop\TorVS2012\TorOrignialVS2012\TorOriginalVS2012\TorOriginalGenCert\TorOriginalGenCert.vcxproj" (Build target(s)).

Build succeeded.

Time Elapsed 00:00:20.59
