C:\PROGRAM FILES (X86)\INTEL\INTELSGXSDK\SRC\REMOTEATTESTATION\SERVICE_PROVIDER\DEBUG\DLLMAIN.OBJ
C:\PROGRAM FILES (X86)\INTEL\INTELSGXSDK\SRC\REMOTEATTESTATION\SERVICE_PROVIDER\DEBUG\VC110.PDB
C:\PROGRAM FILES (X86)\INTEL\INTELSGXSDK\SRC\REMOTEATTESTATION\SERVICE_PROVIDER\DEBUG\ECP.OBJ
C:\PROGRAM FILES (X86)\INTEL\INTELSGXSDK\SRC\REMOTEATTESTATION\SERVICE_PROVIDER\DEBUG\IAS_RA.OBJ
C:\PROGRAM FILES (X86)\INTEL\INTELSGXSDK\SRC\REMOTEATTESTATION\SERVICE_PROVIDER\DEBUG\NETWORK_RA.OBJ
C:\PROGRAM FILES (X86)\INTEL\INTELSGXSDK\SRC\REMOTEATTESTATION\SERVICE_PROVIDER\DEBUG\SERVICE_PROVIDER.OBJ
C:\PROGRAM FILES (X86)\INTEL\INTELSGXSDK\SRC\REMOTEATTESTATION\DEBUG\SERVICE_PROVIDER.ILK
C:\PROGRAM FILES (X86)\INTEL\INTELSGXSDK\SRC\REMOTEATTESTATION\DEBUG\SERVICE_PROVIDER.DLL
C:\PROGRAM FILES (X86)\INTEL\INTELSGXSDK\SRC\REMOTEATTESTATION\DEBUG\SERVICE_PROVIDER.PDB
C:\Program Files (x86)\Intel\IntelSGXSDK\src\RemoteAttestation\Debug\service_provider.lib
C:\Program Files (x86)\Intel\IntelSGXSDK\src\RemoteAttestation\Debug\service_provider.exp
C:\Program Files (x86)\Intel\IntelSGXSDK\src\RemoteAttestation\service_provider\Debug\dllmain.obj
C:\Program Files (x86)\Intel\IntelSGXSDK\src\RemoteAttestation\service_provider\Debug\ecp.obj
C:\Program Files (x86)\Intel\IntelSGXSDK\src\RemoteAttestation\service_provider\Debug\ias_ra.obj
C:\Program Files (x86)\Intel\IntelSGXSDK\src\RemoteAttestation\service_provider\Debug\network_ra.obj
C:\Program Files (x86)\Intel\IntelSGXSDK\src\RemoteAttestation\service_provider\Debug\service_provider.obj
C:\Program Files (x86)\Intel\IntelSGXSDK\src\RemoteAttestation\service_provider\Debug\cl.command.1.tlog
C:\Program Files (x86)\Intel\IntelSGXSDK\src\RemoteAttestation\service_provider\Debug\CL.read.1.tlog
C:\Program Files (x86)\Intel\IntelSGXSDK\src\RemoteAttestation\service_provider\Debug\CL.write.1.tlog
C:\Program Files (x86)\Intel\IntelSGXSDK\src\RemoteAttestation\service_provider\Debug\link-cvtres.read.1.tlog
C:\Program Files (x86)\Intel\IntelSGXSDK\src\RemoteAttestation\service_provider\Debug\link-cvtres.write.1.tlog
C:\Program Files (x86)\Intel\IntelSGXSDK\src\RemoteAttestation\service_provider\Debug\link-rc.read.1.tlog
C:\Program Files (x86)\Intel\IntelSGXSDK\src\RemoteAttestation\service_provider\Debug\link-rc.write.1.tlog
C:\Program Files (x86)\Intel\IntelSGXSDK\src\RemoteAttestation\service_provider\Debug\link.command.1.tlog
C:\Program Files (x86)\Intel\IntelSGXSDK\src\RemoteAttestation\service_provider\Debug\link.read.1.tlog
C:\Program Files (x86)\Intel\IntelSGXSDK\src\RemoteAttestation\service_provider\Debug\link.write.1.tlog
C:\Program Files (x86)\Intel\IntelSGXSDK\src\RemoteAttestation\service_provider\Debug\service_provider.write.1.tlog
C:\Program Files (x86)\Intel\IntelSGXSDK\src\RemoteAttestation\service_provider\Debug\vc110.idb
C:\Program Files (x86)\Intel\IntelSGXSDK\src\RemoteAttestation\service_provider\Debug\vc110.pdb
C:\Program Files (x86)\Intel\IntelSGXSDK\src\RemoteAttestation\Debug\service_provider.pdb
C:\Program Files (x86)\Intel\IntelSGXSDK\src\RemoteAttestation\Debug\service_provider.dll
C:\Program Files (x86)\Intel\IntelSGXSDK\src\RemoteAttestation\Debug\service_provider.ilk
