Build started 2016-09-01 오전 12:53:48.
     1>Project "C:\Users\INA-SGX-USER\Desktop\TorVS2012\TorOrignialVS2012\TorOriginalVS2012\TorOriginalVS2012\TorOriginalVS2012.vcxproj" on node 2 (Build target(s)).
     1>Link:
         C:\Program Files (x86)\Microsoft Visual Studio 12.0\VC\bin\x86_amd64\link.exe /ERRORREPORT:PROMPT /OUT:"C:\Users\INA-SGX-USER\Desktop\TorVS2012\TorOrignialVS2012\TorOriginalVS2012\x64\Debug\TorOriginalVS2012.exe" /INCREMENTAL:NO /NOLOGO /LIBPATH:"C:\Users\INA-SGX-USER\Desktop\TorVS2012\TorOrignialVS2012\TorOriginalVS2012\TorOriginalVS2012\\..\..\..\LibEvent_APP" /LIBPATH:"C:\Users\INA-SGX-USER\Desktop\TorVS2012\TorOrignialVS2012\TorOriginalVS2012\TorOriginalVS2012\\..\..\..\zlib-1.2.8\contrib\vstudio\vc11\x64\ZlibDllRelease" /LIBPATH:"C:\Users\INA-SGX-USER\Desktop\TorVS2012\TorOrignialVS2012\TorOriginalVS2012\TorOriginalVS2012\\..\..\..\OpenSSL_APP\out32" /LIBPATH:"C:\Program Files (x86)\Intel\IntelSGXSDK\\bin\x64\Debug" /LIBPATH:"C:\Users\INA-SGX-USER\Desktop\TorVS2012\TorOrignialVS2012\TorOriginalVS2012\\sample_libcrypto" /LIBPATH:"C:\Users\INA-SGX-USER\Desktop\TorVS2012\TorOrignialVS2012\TorOriginalVS2012\\x64\Debug" libeay32.lib ssleay32.lib zlibwapi.lib libevent.lib libevent_core.lib libevent_extras.lib service_provider.lib sgx_urts.lib sgx_uae_service.lib sgx_ukey_exchange.lib kernel32.lib user32.lib gdi32.lib winspool.lib comdlg32.lib advapi32.lib shell32.lib ole32.lib oleaut32.lib uuid.lib odbc32.lib odbccp32.lib /NODEFAULTLIB:libcmt.lib /MANIFEST /MANIFESTUAC:"level='asInvoker' uiAccess='false'" /manifest:embed /DEBUG /PDB:"C:\Users\INA-SGX-USER\Desktop\TorVS2012\TorOrignialVS2012\TorOriginalVS2012\x64\Debug\TorOriginalVS2012.pdb" /SUBSYSTEM:CONSOLE /LTCG /TLBID:1 /DYNAMICBASE /NXCOMPAT /IMPLIB:"C:\Users\INA-SGX-USER\Desktop\TorVS2012\TorOrignialVS2012\TorOriginalVS2012\x64\Debug\TorOriginalVS2012.lib" /MACHINE:X64 x64\Debug\address.obj
         x64\Debug\addressmap.obj
         x64\Debug\aes.obj
         x64\Debug\backtrace.obj
         x64\Debug\blinding.obj
         x64\Debug\buffers.obj
         x64\Debug\channel.obj
         x64\Debug\channeltls.obj
         x64\Debug\circpathbias.obj
         x64\Debug\circuitbuild.obj
         x64\Debug\circuitlist.obj
         x64\Debug\circuitmux.obj
         x64\Debug\circuitmux_ewma.obj
         x64\Debug\circuitstats.obj
         x64\Debug\circuituse.obj
         x64\Debug\command.obj
         x64\Debug\compat.obj
         x64\Debug\compat_libevent.obj
         x64\Debug\compat_threads.obj
         x64\Debug\compat_winthreads.obj
         x64\Debug\config.obj
         x64\Debug\confparse.obj
         x64\Debug\connection.obj
         x64\Debug\connection_edge.obj
         x64\Debug\connection_or.obj
         x64\Debug\container.obj
         x64\Debug\control.obj
         x64\Debug\cpuworker.obj
         x64\Debug\crypto.obj
         x64\Debug\crypto_curve25519.obj
         x64\Debug\crypto_ed25519.obj
         x64\Debug\crypto_format.obj
         x64\Debug\crypto_pwbox.obj
         x64\Debug\crypto_s2k.obj
         x64\Debug\csiphash.obj
         "x64\Debug\curve25519-donna.obj"
         x64\Debug\dircollate.obj
         x64\Debug\directory.obj
         x64\Debug\dirserv.obj
         x64\Debug\dirvote.obj
         x64\Debug\di_ops.obj
         x64\Debug\dns.obj
         x64\Debug\dnsserv.obj
         x64\Debug\ed25519_cert.obj
         x64\Debug\ed25519_tor.obj
         x64\Debug\entrynodes.obj
         x64\Debug\ext_orport.obj
         x64\Debug\fe_0.obj
         x64\Debug\fe_1.obj
         x64\Debug\fe_add.obj
         x64\Debug\fe_cmov.obj
         x64\Debug\fe_copy.obj
         x64\Debug\fe_frombytes.obj
         x64\Debug\fe_invert.obj
         x64\Debug\fe_isnegative.obj
         x64\Debug\fe_isnonzero.obj
         x64\Debug\fe_mul.obj
         x64\Debug\fe_neg.obj
         x64\Debug\fe_pow22523.obj
         x64\Debug\fe_sq.obj
         x64\Debug\fe_sq2.obj
         x64\Debug\fe_sub.obj
         x64\Debug\fe_tobytes.obj
         x64\Debug\fp_pair.obj
         x64\Debug\geoip.obj
         x64\Debug\ge_add.obj
         x64\Debug\ge_double_scalarmult.obj
         x64\Debug\ge_frombytes.obj
         x64\Debug\ge_madd.obj
         x64\Debug\ge_msub.obj
         x64\Debug\ge_p1p1_to_p2.obj
         x64\Debug\ge_p1p1_to_p3.obj
         x64\Debug\ge_p2_0.obj
         x64\Debug\ge_p2_dbl.obj
         x64\Debug\ge_p3_0.obj
         x64\Debug\ge_p3_dbl.obj
         x64\Debug\ge_p3_tobytes.obj
         x64\Debug\ge_p3_to_cached.obj
         x64\Debug\ge_p3_to_p2.obj
         x64\Debug\ge_precomp_0.obj
         x64\Debug\ge_scalarmult_base.obj
         x64\Debug\ge_sub.obj
         x64\Debug\ge_tobytes.obj
         x64\Debug\hibernate.obj
         x64\Debug\keyconv.obj
         x64\Debug\keypair.obj
         x64\Debug\keypin.obj
         x64\Debug\link_handshake.obj
         x64\Debug\log.obj
         x64\Debug\main.obj
         x64\Debug\memarea.obj
         x64\Debug\microdesc.obj
         x64\Debug\networkstatus.obj
         x64\Debug\nodelist.obj
         x64\Debug\ntmain.obj
         x64\Debug\onion.obj
         x64\Debug\onion_fast.obj
         x64\Debug\onion_ntor.obj
         x64\Debug\onion_tap.obj
         x64\Debug\open.obj
         x64\Debug\policies.obj
         x64\Debug\procmon.obj
         x64\Debug\pwbox.obj
         x64\Debug\reasons.obj
         x64\Debug\relay.obj
         x64\Debug\remote_attest_server.obj
         x64\Debug\rendcache.obj
         x64\Debug\rendclient.obj
         x64\Debug\rendcommon.obj
         x64\Debug\rendmid.obj
         x64\Debug\rendservice.obj
         x64\Debug\rephist.obj
         x64\Debug\replaycache.obj
         x64\Debug\router.obj
         x64\Debug\routerkeys.obj
         x64\Debug\routerlist.obj
         x64\Debug\routerparse.obj
         x64\Debug\routerset.obj
         x64\Debug\sandbox.obj
         x64\Debug\scheduler.obj
         x64\Debug\sc_muladd.obj
         x64\Debug\sc_reduce.obj
         x64\Debug\sign.obj
         x64\Debug\statefile.obj
         x64\Debug\status.obj
         x64\Debug\tinytest.obj
         x64\Debug\torcert.obj
         x64\Debug\torgzip.obj
         x64\Debug\tortls.obj
         x64\Debug\tor_main.obj
         x64\Debug\transports.obj
         x64\Debug\trunnel.obj
         x64\Debug\util.obj
         x64\Debug\util_format.obj
         x64\Debug\util_process.obj
         x64\Debug\workqueue.obj
         Generating code
         Finished generating code
     1>zlibwapi.lib(zutil.obj) : warning LNK4099: PDB 'vc120.pdb' was not found with 'zlibwapi.lib(zutil.obj)' or at 'C:\Users\INA-SGX-USER\Desktop\TorVS2012\TorOrignialVS2012\TorOriginalVS2012\x64\Debug\vc120.pdb'; linking object as if no debug info
     1>zlibwapi.lib(deflate.obj) : warning LNK4099: PDB 'vc120.pdb' was not found with 'zlibwapi.lib(deflate.obj)' or at 'C:\Users\INA-SGX-USER\Desktop\TorVS2012\TorOrignialVS2012\TorOriginalVS2012\x64\Debug\vc120.pdb'; linking object as if no debug info
     1>zlibwapi.lib(inflate.obj) : warning LNK4099: PDB 'vc120.pdb' was not found with 'zlibwapi.lib(inflate.obj)' or at 'C:\Users\INA-SGX-USER\Desktop\TorVS2012\TorOrignialVS2012\TorOriginalVS2012\x64\Debug\vc120.pdb'; linking object as if no debug info
     1>zlibwapi.lib(trees.obj) : warning LNK4099: PDB 'vc120.pdb' was not found with 'zlibwapi.lib(trees.obj)' or at 'C:\Users\INA-SGX-USER\Desktop\TorVS2012\TorOrignialVS2012\TorOriginalVS2012\x64\Debug\vc120.pdb'; linking object as if no debug info
     1>zlibwapi.lib(adler32.obj) : warning LNK4099: PDB 'vc120.pdb' was not found with 'zlibwapi.lib(adler32.obj)' or at 'C:\Users\INA-SGX-USER\Desktop\TorVS2012\TorOrignialVS2012\TorOriginalVS2012\x64\Debug\vc120.pdb'; linking object as if no debug info
     1>zlibwapi.lib(crc32.obj) : warning LNK4099: PDB 'vc120.pdb' was not found with 'zlibwapi.lib(crc32.obj)' or at 'C:\Users\INA-SGX-USER\Desktop\TorVS2012\TorOrignialVS2012\TorOriginalVS2012\x64\Debug\vc120.pdb'; linking object as if no debug info
     1>zlibwapi.lib(inffast.obj) : warning LNK4099: PDB 'vc120.pdb' was not found with 'zlibwapi.lib(inffast.obj)' or at 'C:\Users\INA-SGX-USER\Desktop\TorVS2012\TorOrignialVS2012\TorOriginalVS2012\x64\Debug\vc120.pdb'; linking object as if no debug info
     1>zlibwapi.lib(inftrees.obj) : warning LNK4099: PDB 'vc120.pdb' was not found with 'zlibwapi.lib(inftrees.obj)' or at 'C:\Users\INA-SGX-USER\Desktop\TorVS2012\TorOrignialVS2012\TorOriginalVS2012\x64\Debug\vc120.pdb'; linking object as if no debug info
         TorOriginalVS2012.vcxproj -> C:\Users\INA-SGX-USER\Desktop\TorVS2012\TorOrignialVS2012\TorOriginalVS2012\x64\Debug\TorOriginalVS2012.exe
     1>Done Building Project "C:\Users\INA-SGX-USER\Desktop\TorVS2012\TorOrignialVS2012\TorOriginalVS2012\TorOriginalVS2012\TorOriginalVS2012.vcxproj" (Build target(s)).

Build succeeded.

Time Elapsed 00:00:01.68
