C:\USERS\INA-SGX-USER\DESKTOP\TORVS2012\TORORIGNIALVS2012\TORORIGINALVS2012\TORORIGINALVS2012\X64\DEBUG\ROUTERPARSE.OBJ
C:\USERS\INA-SGX-USER\DESKTOP\TORVS2012\TORORIGNIALVS2012\TORORIGINALVS2012\TORORIGINALVS2012\X64\DEBUG\ROUTERSET.OBJ
C:\USERS\INA-SGX-USER\DESKTOP\TORVS2012\TORORIGNIALVS2012\TORORIGINALVS2012\TORORIGINALVS2012\X64\DEBUG\SANDBOX.OBJ
C:\USERS\INA-SGX-USER\DESKTOP\TORVS2012\TORORIGNIALVS2012\TORORIGINALVS2012\TORORIGINALVS2012\X64\DEBUG\SCHEDULER.OBJ
C:\USERS\INA-SGX-USER\DESKTOP\TORVS2012\TORORIGNIALVS2012\TORORIGINALVS2012\TORORIGINALVS2012\X64\DEBUG\SC_MULADD.OBJ
C:\USERS\INA-SGX-USER\DESKTOP\TORVS2012\TORORIGNIALVS2012\TORORIGINALVS2012\TORORIGINALVS2012\X64\DEBUG\SC_REDUCE.OBJ
C:\USERS\INA-SGX-USER\DESKTOP\TORVS2012\TORORIGNIALVS2012\TORORIGINALVS2012\TORORIGINALVS2012\X64\DEBUG\SIGN.OBJ
C:\USERS\INA-SGX-USER\DESKTOP\TORVS2012\TORORIGNIALVS2012\TORORIGINALVS2012\TORORIGINALVS2012\X64\DEBUG\STATEFILE.OBJ
C:\USERS\INA-SGX-USER\DESKTOP\TORVS2012\TORORIGNIALVS2012\TORORIGINALVS2012\TORORIGINALVS2012\X64\DEBUG\STATUS.OBJ
C:\USERS\INA-SGX-USER\DESKTOP\TORVS2012\TORORIGNIALVS2012\TORORIGINALVS2012\TORORIGINALVS2012\X64\DEBUG\TINYTEST.OBJ
C:\USERS\INA-SGX-USER\DESKTOP\TORVS2012\TORORIGNIALVS2012\TORORIGINALVS2012\TORORIGINALVS2012\X64\DEBUG\TORCERT.OBJ
C:\USERS\INA-SGX-USER\DESKTOP\TORVS2012\TORORIGNIALVS2012\TORORIGINALVS2012\TORORIGINALVS2012\X64\DEBUG\TORGZIP.OBJ
C:\USERS\INA-SGX-USER\DESKTOP\TORVS2012\TORORIGNIALVS2012\TORORIGINALVS2012\TORORIGINALVS2012\X64\DEBUG\TORTLS.OBJ
C:\USERS\INA-SGX-USER\DESKTOP\TORVS2012\TORORIGNIALVS2012\TORORIGINALVS2012\TORORIGINALVS2012\X64\DEBUG\TOR_MAIN.OBJ
C:\USERS\INA-SGX-USER\DESKTOP\TORVS2012\TORORIGNIALVS2012\TORORIGINALVS2012\TORORIGINALVS2012\X64\DEBUG\TRANSPORTS.OBJ
C:\USERS\INA-SGX-USER\DESKTOP\TORVS2012\TORORIGNIALVS2012\TORORIGINALVS2012\TORORIGINALVS2012\X64\DEBUG\TRUNNEL.OBJ
C:\USERS\INA-SGX-USER\DESKTOP\TORVS2012\TORORIGNIALVS2012\TORORIGINALVS2012\TORORIGINALVS2012\X64\DEBUG\UTIL.OBJ
C:\USERS\INA-SGX-USER\DESKTOP\TORVS2012\TORORIGNIALVS2012\TORORIGINALVS2012\TORORIGINALVS2012\X64\DEBUG\UTIL_FORMAT.OBJ
C:\USERS\INA-SGX-USER\DESKTOP\TORVS2012\TORORIGNIALVS2012\TORORIGINALVS2012\TORORIGINALVS2012\X64\DEBUG\UTIL_PROCESS.OBJ
C:\USERS\INA-SGX-USER\DESKTOP\TORVS2012\TORORIGNIALVS2012\TORORIGINALVS2012\TORORIGINALVS2012\X64\DEBUG\WORKQUEUE.OBJ
C:\USERS\INA-SGX-USER\DESKTOP\TORVS2012\TORORIGNIALVS2012\TORORIGINALVS2012\TORORIGINALVS2012\X64\DEBUG\ONION.OBJ
C:\USERS\INA-SGX-USER\DESKTOP\TORVS2012\TORORIGNIALVS2012\TORORIGINALVS2012\TORORIGINALVS2012\X64\DEBUG\ONION_FAST.OBJ
C:\USERS\INA-SGX-USER\DESKTOP\TORVS2012\TORORIGNIALVS2012\TORORIGINALVS2012\TORORIGINALVS2012\X64\DEBUG\ONION_NTOR.OBJ
C:\USERS\INA-SGX-USER\DESKTOP\TORVS2012\TORORIGNIALVS2012\TORORIGINALVS2012\TORORIGINALVS2012\X64\DEBUG\ONION_TAP.OBJ
C:\USERS\INA-SGX-USER\DESKTOP\TORVS2012\TORORIGNIALVS2012\TORORIGINALVS2012\TORORIGINALVS2012\X64\DEBUG\OPEN.OBJ
C:\USERS\INA-SGX-USER\DESKTOP\TORVS2012\TORORIGNIALVS2012\TORORIGINALVS2012\TORORIGINALVS2012\X64\DEBUG\POLICIES.OBJ
C:\USERS\INA-SGX-USER\DESKTOP\TORVS2012\TORORIGNIALVS2012\TORORIGINALVS2012\TORORIGINALVS2012\X64\DEBUG\PROCMON.OBJ
C:\USERS\INA-SGX-USER\DESKTOP\TORVS2012\TORORIGNIALVS2012\TORORIGINALVS2012\TORORIGINALVS2012\X64\DEBUG\PWBOX.OBJ
C:\USERS\INA-SGX-USER\DESKTOP\TORVS2012\TORORIGNIALVS2012\TORORIGINALVS2012\TORORIGINALVS2012\X64\DEBUG\REASONS.OBJ
C:\USERS\INA-SGX-USER\DESKTOP\TORVS2012\TORORIGNIALVS2012\TORORIGINALVS2012\TORORIGINALVS2012\X64\DEBUG\RELAY.OBJ
C:\USERS\INA-SGX-USER\DESKTOP\TORVS2012\TORORIGNIALVS2012\TORORIGINALVS2012\TORORIGINALVS2012\X64\DEBUG\RENDCACHE.OBJ
C:\USERS\INA-SGX-USER\DESKTOP\TORVS2012\TORORIGNIALVS2012\TORORIGINALVS2012\TORORIGINALVS2012\X64\DEBUG\RENDCLIENT.OBJ
C:\USERS\INA-SGX-USER\DESKTOP\TORVS2012\TORORIGNIALVS2012\TORORIGINALVS2012\TORORIGINALVS2012\X64\DEBUG\RENDCOMMON.OBJ
C:\USERS\INA-SGX-USER\DESKTOP\TORVS2012\TORORIGNIALVS2012\TORORIGINALVS2012\TORORIGINALVS2012\X64\DEBUG\RENDMID.OBJ
C:\USERS\INA-SGX-USER\DESKTOP\TORVS2012\TORORIGNIALVS2012\TORORIGINALVS2012\TORORIGINALVS2012\X64\DEBUG\RENDSERVICE.OBJ
C:\USERS\INA-SGX-USER\DESKTOP\TORVS2012\TORORIGNIALVS2012\TORORIGINALVS2012\TORORIGINALVS2012\X64\DEBUG\REPHIST.OBJ
C:\USERS\INA-SGX-USER\DESKTOP\TORVS2012\TORORIGNIALVS2012\TORORIGINALVS2012\TORORIGINALVS2012\X64\DEBUG\REPLAYCACHE.OBJ
C:\USERS\INA-SGX-USER\DESKTOP\TORVS2012\TORORIGNIALVS2012\TORORIGINALVS2012\TORORIGINALVS2012\X64\DEBUG\ROUTER.OBJ
C:\USERS\INA-SGX-USER\DESKTOP\TORVS2012\TORORIGNIALVS2012\TORORIGINALVS2012\TORORIGINALVS2012\X64\DEBUG\ROUTERKEYS.OBJ
C:\USERS\INA-SGX-USER\DESKTOP\TORVS2012\TORORIGNIALVS2012\TORORIGINALVS2012\TORORIGINALVS2012\X64\DEBUG\ROUTERLIST.OBJ
C:\USERS\INA-SGX-USER\DESKTOP\TORVS2012\TORORIGNIALVS2012\TORORIGINALVS2012\TORORIGINALVS2012\X64\DEBUG\GE_P3_DBL.OBJ
C:\USERS\INA-SGX-USER\DESKTOP\TORVS2012\TORORIGNIALVS2012\TORORIGINALVS2012\TORORIGINALVS2012\X64\DEBUG\GE_P3_TOBYTES.OBJ
C:\USERS\INA-SGX-USER\DESKTOP\TORVS2012\TORORIGNIALVS2012\TORORIGINALVS2012\TORORIGINALVS2012\X64\DEBUG\GE_P3_TO_CACHED.OBJ
C:\USERS\INA-SGX-USER\DESKTOP\TORVS2012\TORORIGNIALVS2012\TORORIGINALVS2012\TORORIGINALVS2012\X64\DEBUG\GE_P3_TO_P2.OBJ
C:\USERS\INA-SGX-USER\DESKTOP\TORVS2012\TORORIGNIALVS2012\TORORIGINALVS2012\TORORIGINALVS2012\X64\DEBUG\GE_PRECOMP_0.OBJ
C:\USERS\INA-SGX-USER\DESKTOP\TORVS2012\TORORIGNIALVS2012\TORORIGINALVS2012\TORORIGINALVS2012\X64\DEBUG\GE_SCALARMULT_BASE.OBJ
C:\USERS\INA-SGX-USER\DESKTOP\TORVS2012\TORORIGNIALVS2012\TORORIGINALVS2012\TORORIGINALVS2012\X64\DEBUG\GE_SUB.OBJ
C:\USERS\INA-SGX-USER\DESKTOP\TORVS2012\TORORIGNIALVS2012\TORORIGINALVS2012\TORORIGINALVS2012\X64\DEBUG\GE_TOBYTES.OBJ
C:\USERS\INA-SGX-USER\DESKTOP\TORVS2012\TORORIGNIALVS2012\TORORIGINALVS2012\TORORIGINALVS2012\X64\DEBUG\HIBERNATE.OBJ
C:\USERS\INA-SGX-USER\DESKTOP\TORVS2012\TORORIGNIALVS2012\TORORIGINALVS2012\TORORIGINALVS2012\X64\DEBUG\KEYCONV.OBJ
C:\USERS\INA-SGX-USER\DESKTOP\TORVS2012\TORORIGNIALVS2012\TORORIGINALVS2012\TORORIGINALVS2012\X64\DEBUG\KEYPAIR.OBJ
C:\USERS\INA-SGX-USER\DESKTOP\TORVS2012\TORORIGNIALVS2012\TORORIGINALVS2012\TORORIGINALVS2012\X64\DEBUG\KEYPIN.OBJ
C:\USERS\INA-SGX-USER\DESKTOP\TORVS2012\TORORIGNIALVS2012\TORORIGINALVS2012\TORORIGINALVS2012\X64\DEBUG\LINK_HANDSHAKE.OBJ
C:\USERS\INA-SGX-USER\DESKTOP\TORVS2012\TORORIGNIALVS2012\TORORIGINALVS2012\TORORIGINALVS2012\X64\DEBUG\LOG.OBJ
C:\USERS\INA-SGX-USER\DESKTOP\TORVS2012\TORORIGNIALVS2012\TORORIGINALVS2012\TORORIGINALVS2012\X64\DEBUG\MAIN.OBJ
C:\USERS\INA-SGX-USER\DESKTOP\TORVS2012\TORORIGNIALVS2012\TORORIGINALVS2012\TORORIGINALVS2012\X64\DEBUG\MEMAREA.OBJ
C:\USERS\INA-SGX-USER\DESKTOP\TORVS2012\TORORIGNIALVS2012\TORORIGINALVS2012\TORORIGINALVS2012\X64\DEBUG\MICRODESC.OBJ
C:\USERS\INA-SGX-USER\DESKTOP\TORVS2012\TORORIGNIALVS2012\TORORIGINALVS2012\TORORIGINALVS2012\X64\DEBUG\NETWORKSTATUS.OBJ
C:\USERS\INA-SGX-USER\DESKTOP\TORVS2012\TORORIGNIALVS2012\TORORIGINALVS2012\TORORIGINALVS2012\X64\DEBUG\NODELIST.OBJ
C:\USERS\INA-SGX-USER\DESKTOP\TORVS2012\TORORIGNIALVS2012\TORORIGINALVS2012\TORORIGINALVS2012\X64\DEBUG\NTMAIN.OBJ
C:\USERS\INA-SGX-USER\DESKTOP\TORVS2012\TORORIGNIALVS2012\TORORIGINALVS2012\TORORIGINALVS2012\X64\DEBUG\FE_ISNONZERO.OBJ
C:\USERS\INA-SGX-USER\DESKTOP\TORVS2012\TORORIGNIALVS2012\TORORIGINALVS2012\TORORIGINALVS2012\X64\DEBUG\FE_MUL.OBJ
C:\USERS\INA-SGX-USER\DESKTOP\TORVS2012\TORORIGNIALVS2012\TORORIGINALVS2012\TORORIGINALVS2012\X64\DEBUG\FE_NEG.OBJ
C:\USERS\INA-SGX-USER\DESKTOP\TORVS2012\TORORIGNIALVS2012\TORORIGINALVS2012\TORORIGINALVS2012\X64\DEBUG\FE_POW22523.OBJ
C:\USERS\INA-SGX-USER\DESKTOP\TORVS2012\TORORIGNIALVS2012\TORORIGINALVS2012\TORORIGINALVS2012\X64\DEBUG\FE_SQ.OBJ
C:\USERS\INA-SGX-USER\DESKTOP\TORVS2012\TORORIGNIALVS2012\TORORIGINALVS2012\TORORIGINALVS2012\X64\DEBUG\FE_SQ2.OBJ
C:\USERS\INA-SGX-USER\DESKTOP\TORVS2012\TORORIGNIALVS2012\TORORIGINALVS2012\TORORIGINALVS2012\X64\DEBUG\FE_SUB.OBJ
C:\USERS\INA-SGX-USER\DESKTOP\TORVS2012\TORORIGNIALVS2012\TORORIGINALVS2012\TORORIGINALVS2012\X64\DEBUG\FE_TOBYTES.OBJ
C:\USERS\INA-SGX-USER\DESKTOP\TORVS2012\TORORIGNIALVS2012\TORORIGINALVS2012\TORORIGINALVS2012\X64\DEBUG\FP_PAIR.OBJ
C:\USERS\INA-SGX-USER\DESKTOP\TORVS2012\TORORIGNIALVS2012\TORORIGINALVS2012\TORORIGINALVS2012\X64\DEBUG\GEOIP.OBJ
C:\USERS\INA-SGX-USER\DESKTOP\TORVS2012\TORORIGNIALVS2012\TORORIGINALVS2012\TORORIGINALVS2012\X64\DEBUG\GE_ADD.OBJ
C:\USERS\INA-SGX-USER\DESKTOP\TORVS2012\TORORIGNIALVS2012\TORORIGINALVS2012\TORORIGINALVS2012\X64\DEBUG\GE_DOUBLE_SCALARMULT.OBJ
C:\USERS\INA-SGX-USER\DESKTOP\TORVS2012\TORORIGNIALVS2012\TORORIGINALVS2012\TORORIGINALVS2012\X64\DEBUG\GE_FROMBYTES.OBJ
C:\USERS\INA-SGX-USER\DESKTOP\TORVS2012\TORORIGNIALVS2012\TORORIGINALVS2012\TORORIGINALVS2012\X64\DEBUG\GE_MADD.OBJ
C:\USERS\INA-SGX-USER\DESKTOP\TORVS2012\TORORIGNIALVS2012\TORORIGINALVS2012\TORORIGINALVS2012\X64\DEBUG\GE_MSUB.OBJ
C:\USERS\INA-SGX-USER\DESKTOP\TORVS2012\TORORIGNIALVS2012\TORORIGINALVS2012\TORORIGINALVS2012\X64\DEBUG\GE_P1P1_TO_P2.OBJ
C:\USERS\INA-SGX-USER\DESKTOP\TORVS2012\TORORIGNIALVS2012\TORORIGINALVS2012\TORORIGINALVS2012\X64\DEBUG\GE_P1P1_TO_P3.OBJ
C:\USERS\INA-SGX-USER\DESKTOP\TORVS2012\TORORIGNIALVS2012\TORORIGINALVS2012\TORORIGINALVS2012\X64\DEBUG\GE_P2_0.OBJ
C:\USERS\INA-SGX-USER\DESKTOP\TORVS2012\TORORIGNIALVS2012\TORORIGINALVS2012\TORORIGINALVS2012\X64\DEBUG\GE_P2_DBL.OBJ
C:\USERS\INA-SGX-USER\DESKTOP\TORVS2012\TORORIGNIALVS2012\TORORIGINALVS2012\TORORIGINALVS2012\X64\DEBUG\GE_P3_0.OBJ
C:\USERS\INA-SGX-USER\DESKTOP\TORVS2012\TORORIGNIALVS2012\TORORIGINALVS2012\TORORIGINALVS2012\X64\DEBUG\CURVE25519-DONNA.OBJ
C:\USERS\INA-SGX-USER\DESKTOP\TORVS2012\TORORIGNIALVS2012\TORORIGINALVS2012\TORORIGINALVS2012\X64\DEBUG\DIRCOLLATE.OBJ
C:\USERS\INA-SGX-USER\DESKTOP\TORVS2012\TORORIGNIALVS2012\TORORIGINALVS2012\TORORIGINALVS2012\X64\DEBUG\DIRECTORY.OBJ
C:\USERS\INA-SGX-USER\DESKTOP\TORVS2012\TORORIGNIALVS2012\TORORIGINALVS2012\TORORIGINALVS2012\X64\DEBUG\DIRSERV.OBJ
C:\USERS\INA-SGX-USER\DESKTOP\TORVS2012\TORORIGNIALVS2012\TORORIGINALVS2012\TORORIGINALVS2012\X64\DEBUG\DIRVOTE.OBJ
C:\USERS\INA-SGX-USER\DESKTOP\TORVS2012\TORORIGNIALVS2012\TORORIGINALVS2012\TORORIGINALVS2012\X64\DEBUG\DI_OPS.OBJ
C:\USERS\INA-SGX-USER\DESKTOP\TORVS2012\TORORIGNIALVS2012\TORORIGINALVS2012\TORORIGINALVS2012\X64\DEBUG\DNS.OBJ
C:\USERS\INA-SGX-USER\DESKTOP\TORVS2012\TORORIGNIALVS2012\TORORIGINALVS2012\TORORIGINALVS2012\X64\DEBUG\DNSSERV.OBJ
C:\USERS\INA-SGX-USER\DESKTOP\TORVS2012\TORORIGNIALVS2012\TORORIGINALVS2012\TORORIGINALVS2012\X64\DEBUG\ED25519_CERT.OBJ
C:\USERS\INA-SGX-USER\DESKTOP\TORVS2012\TORORIGNIALVS2012\TORORIGINALVS2012\TORORIGINALVS2012\X64\DEBUG\ED25519_TOR.OBJ
C:\USERS\INA-SGX-USER\DESKTOP\TORVS2012\TORORIGNIALVS2012\TORORIGINALVS2012\TORORIGINALVS2012\X64\DEBUG\ENTRYNODES.OBJ
C:\USERS\INA-SGX-USER\DESKTOP\TORVS2012\TORORIGNIALVS2012\TORORIGINALVS2012\TORORIGINALVS2012\X64\DEBUG\EXT_ORPORT.OBJ
C:\USERS\INA-SGX-USER\DESKTOP\TORVS2012\TORORIGNIALVS2012\TORORIGINALVS2012\TORORIGINALVS2012\X64\DEBUG\FE_0.OBJ
C:\USERS\INA-SGX-USER\DESKTOP\TORVS2012\TORORIGNIALVS2012\TORORIGINALVS2012\TORORIGINALVS2012\X64\DEBUG\FE_1.OBJ
C:\USERS\INA-SGX-USER\DESKTOP\TORVS2012\TORORIGNIALVS2012\TORORIGINALVS2012\TORORIGINALVS2012\X64\DEBUG\FE_ADD.OBJ
C:\USERS\INA-SGX-USER\DESKTOP\TORVS2012\TORORIGNIALVS2012\TORORIGINALVS2012\TORORIGINALVS2012\X64\DEBUG\FE_CMOV.OBJ
C:\USERS\INA-SGX-USER\DESKTOP\TORVS2012\TORORIGNIALVS2012\TORORIGINALVS2012\TORORIGINALVS2012\X64\DEBUG\FE_COPY.OBJ
C:\USERS\INA-SGX-USER\DESKTOP\TORVS2012\TORORIGNIALVS2012\TORORIGINALVS2012\TORORIGINALVS2012\X64\DEBUG\FE_FROMBYTES.OBJ
C:\USERS\INA-SGX-USER\DESKTOP\TORVS2012\TORORIGNIALVS2012\TORORIGINALVS2012\TORORIGINALVS2012\X64\DEBUG\FE_INVERT.OBJ
C:\USERS\INA-SGX-USER\DESKTOP\TORVS2012\TORORIGNIALVS2012\TORORIGINALVS2012\TORORIGINALVS2012\X64\DEBUG\FE_ISNEGATIVE.OBJ
C:\USERS\INA-SGX-USER\DESKTOP\TORVS2012\TORORIGNIALVS2012\TORORIGINALVS2012\TORORIGINALVS2012\X64\DEBUG\COMMAND.OBJ
C:\USERS\INA-SGX-USER\DESKTOP\TORVS2012\TORORIGNIALVS2012\TORORIGINALVS2012\TORORIGINALVS2012\X64\DEBUG\COMPAT.OBJ
C:\USERS\INA-SGX-USER\DESKTOP\TORVS2012\TORORIGNIALVS2012\TORORIGINALVS2012\TORORIGINALVS2012\X64\DEBUG\COMPAT_LIBEVENT.OBJ
C:\USERS\INA-SGX-USER\DESKTOP\TORVS2012\TORORIGNIALVS2012\TORORIGINALVS2012\TORORIGINALVS2012\X64\DEBUG\COMPAT_THREADS.OBJ
C:\USERS\INA-SGX-USER\DESKTOP\TORVS2012\TORORIGNIALVS2012\TORORIGINALVS2012\TORORIGINALVS2012\X64\DEBUG\COMPAT_WINTHREADS.OBJ
C:\USERS\INA-SGX-USER\DESKTOP\TORVS2012\TORORIGNIALVS2012\TORORIGINALVS2012\TORORIGINALVS2012\X64\DEBUG\CONFIG.OBJ
C:\USERS\INA-SGX-USER\DESKTOP\TORVS2012\TORORIGNIALVS2012\TORORIGINALVS2012\TORORIGINALVS2012\X64\DEBUG\CONFPARSE.OBJ
C:\USERS\INA-SGX-USER\DESKTOP\TORVS2012\TORORIGNIALVS2012\TORORIGINALVS2012\TORORIGINALVS2012\X64\DEBUG\CONNECTION.OBJ
C:\USERS\INA-SGX-USER\DESKTOP\TORVS2012\TORORIGNIALVS2012\TORORIGINALVS2012\TORORIGINALVS2012\X64\DEBUG\CONNECTION_EDGE.OBJ
C:\USERS\INA-SGX-USER\DESKTOP\TORVS2012\TORORIGNIALVS2012\TORORIGINALVS2012\TORORIGINALVS2012\X64\DEBUG\CONNECTION_OR.OBJ
C:\USERS\INA-SGX-USER\DESKTOP\TORVS2012\TORORIGNIALVS2012\TORORIGINALVS2012\TORORIGINALVS2012\X64\DEBUG\CONTAINER.OBJ
C:\USERS\INA-SGX-USER\DESKTOP\TORVS2012\TORORIGNIALVS2012\TORORIGINALVS2012\TORORIGINALVS2012\X64\DEBUG\CONTROL.OBJ
C:\USERS\INA-SGX-USER\DESKTOP\TORVS2012\TORORIGNIALVS2012\TORORIGINALVS2012\TORORIGINALVS2012\X64\DEBUG\CPUWORKER.OBJ
C:\USERS\INA-SGX-USER\DESKTOP\TORVS2012\TORORIGNIALVS2012\TORORIGINALVS2012\TORORIGINALVS2012\X64\DEBUG\CRYPTO.OBJ
C:\USERS\INA-SGX-USER\DESKTOP\TORVS2012\TORORIGNIALVS2012\TORORIGINALVS2012\TORORIGINALVS2012\X64\DEBUG\CRYPTO_CURVE25519.OBJ
C:\USERS\INA-SGX-USER\DESKTOP\TORVS2012\TORORIGNIALVS2012\TORORIGINALVS2012\TORORIGINALVS2012\X64\DEBUG\CRYPTO_ED25519.OBJ
C:\USERS\INA-SGX-USER\DESKTOP\TORVS2012\TORORIGNIALVS2012\TORORIGINALVS2012\TORORIGINALVS2012\X64\DEBUG\CRYPTO_FORMAT.OBJ
C:\USERS\INA-SGX-USER\DESKTOP\TORVS2012\TORORIGNIALVS2012\TORORIGINALVS2012\TORORIGINALVS2012\X64\DEBUG\CRYPTO_PWBOX.OBJ
C:\USERS\INA-SGX-USER\DESKTOP\TORVS2012\TORORIGNIALVS2012\TORORIGINALVS2012\TORORIGINALVS2012\X64\DEBUG\CRYPTO_S2K.OBJ
C:\USERS\INA-SGX-USER\DESKTOP\TORVS2012\TORORIGNIALVS2012\TORORIGINALVS2012\TORORIGINALVS2012\X64\DEBUG\CSIPHASH.OBJ
C:\USERS\INA-SGX-USER\DESKTOP\TORVS2012\TORORIGNIALVS2012\TORORIGINALVS2012\TORORIGINALVS2012\X64\DEBUG\ADDRESS.OBJ
C:\USERS\INA-SGX-USER\DESKTOP\TORVS2012\TORORIGNIALVS2012\TORORIGINALVS2012\TORORIGINALVS2012\X64\DEBUG\ADDRESSMAP.OBJ
C:\USERS\INA-SGX-USER\DESKTOP\TORVS2012\TORORIGNIALVS2012\TORORIGINALVS2012\TORORIGINALVS2012\X64\DEBUG\AES.OBJ
C:\USERS\INA-SGX-USER\DESKTOP\TORVS2012\TORORIGNIALVS2012\TORORIGINALVS2012\TORORIGINALVS2012\X64\DEBUG\BACKTRACE.OBJ
C:\USERS\INA-SGX-USER\DESKTOP\TORVS2012\TORORIGNIALVS2012\TORORIGINALVS2012\TORORIGINALVS2012\X64\DEBUG\BLINDING.OBJ
C:\USERS\INA-SGX-USER\DESKTOP\TORVS2012\TORORIGNIALVS2012\TORORIGINALVS2012\TORORIGINALVS2012\X64\DEBUG\BUFFERS.OBJ
C:\USERS\INA-SGX-USER\DESKTOP\TORVS2012\TORORIGNIALVS2012\TORORIGINALVS2012\TORORIGINALVS2012\X64\DEBUG\CHANNEL.OBJ
C:\USERS\INA-SGX-USER\DESKTOP\TORVS2012\TORORIGNIALVS2012\TORORIGINALVS2012\TORORIGINALVS2012\X64\DEBUG\CHANNELTLS.OBJ
C:\USERS\INA-SGX-USER\DESKTOP\TORVS2012\TORORIGNIALVS2012\TORORIGINALVS2012\TORORIGINALVS2012\X64\DEBUG\CIRCPATHBIAS.OBJ
C:\USERS\INA-SGX-USER\DESKTOP\TORVS2012\TORORIGNIALVS2012\TORORIGINALVS2012\TORORIGINALVS2012\X64\DEBUG\CIRCUITBUILD.OBJ
C:\USERS\INA-SGX-USER\DESKTOP\TORVS2012\TORORIGNIALVS2012\TORORIGINALVS2012\TORORIGINALVS2012\X64\DEBUG\CIRCUITLIST.OBJ
C:\USERS\INA-SGX-USER\DESKTOP\TORVS2012\TORORIGNIALVS2012\TORORIGINALVS2012\TORORIGINALVS2012\X64\DEBUG\CIRCUITMUX.OBJ
C:\USERS\INA-SGX-USER\DESKTOP\TORVS2012\TORORIGNIALVS2012\TORORIGINALVS2012\TORORIGINALVS2012\X64\DEBUG\CIRCUITMUX_EWMA.OBJ
C:\USERS\INA-SGX-USER\DESKTOP\TORVS2012\TORORIGNIALVS2012\TORORIGINALVS2012\TORORIGINALVS2012\X64\DEBUG\CIRCUITSTATS.OBJ
C:\USERS\INA-SGX-USER\DESKTOP\TORVS2012\TORORIGNIALVS2012\TORORIGINALVS2012\TORORIGINALVS2012\X64\DEBUG\CIRCUITUSE.OBJ
C:\USERS\INA-SGX-USER\DESKTOP\TORVS2012\TORORIGNIALVS2012\TORORIGINALVS2012\TORORIGINALVS2012\X64\DEBUG\VC110.PDB
C:\USERS\INA-SGX-USER\DESKTOP\TORVS2012\TORORIGNIALVS2012\TORORIGINALVS2012\TORORIGINALVS2012\X64\DEBUG\REMOTE_ATTEST_SERVER.OBJ
C:\USERS\INA-SGX-USER\DESKTOP\TORVS2012\TORORIGNIALVS2012\TORORIGINALVS2012\X64\DEBUG\TORORIGINALVS2012.EXE
C:\USERS\INA-SGX-USER\DESKTOP\TORVS2012\TORORIGNIALVS2012\TORORIGINALVS2012\X64\DEBUG\TORORIGINALVS2012.PDB
C:\Users\INA-SGX-USER\Desktop\TorVS2012\TorOrignialVS2012\TorOriginalVS2012\TorOriginalVS2012\x64\Debug\address.obj
C:\Users\INA-SGX-USER\Desktop\TorVS2012\TorOrignialVS2012\TorOriginalVS2012\TorOriginalVS2012\x64\Debug\addressmap.obj
C:\Users\INA-SGX-USER\Desktop\TorVS2012\TorOrignialVS2012\TorOriginalVS2012\TorOriginalVS2012\x64\Debug\aes.obj
C:\Users\INA-SGX-USER\Desktop\TorVS2012\TorOrignialVS2012\TorOriginalVS2012\TorOriginalVS2012\x64\Debug\backtrace.obj
C:\Users\INA-SGX-USER\Desktop\TorVS2012\TorOrignialVS2012\TorOriginalVS2012\TorOriginalVS2012\x64\Debug\blinding.obj
C:\Users\INA-SGX-USER\Desktop\TorVS2012\TorOrignialVS2012\TorOriginalVS2012\TorOriginalVS2012\x64\Debug\buffers.obj
C:\Users\INA-SGX-USER\Desktop\TorVS2012\TorOrignialVS2012\TorOriginalVS2012\TorOriginalVS2012\x64\Debug\channel.obj
C:\Users\INA-SGX-USER\Desktop\TorVS2012\TorOrignialVS2012\TorOriginalVS2012\TorOriginalVS2012\x64\Debug\channeltls.obj
C:\Users\INA-SGX-USER\Desktop\TorVS2012\TorOrignialVS2012\TorOriginalVS2012\TorOriginalVS2012\x64\Debug\circpathbias.obj
C:\Users\INA-SGX-USER\Desktop\TorVS2012\TorOrignialVS2012\TorOriginalVS2012\TorOriginalVS2012\x64\Debug\circuitbuild.obj
C:\Users\INA-SGX-USER\Desktop\TorVS2012\TorOrignialVS2012\TorOriginalVS2012\TorOriginalVS2012\x64\Debug\circuitlist.obj
C:\Users\INA-SGX-USER\Desktop\TorVS2012\TorOrignialVS2012\TorOriginalVS2012\TorOriginalVS2012\x64\Debug\circuitmux.obj
C:\Users\INA-SGX-USER\Desktop\TorVS2012\TorOrignialVS2012\TorOriginalVS2012\TorOriginalVS2012\x64\Debug\circuitmux_ewma.obj
C:\Users\INA-SGX-USER\Desktop\TorVS2012\TorOrignialVS2012\TorOriginalVS2012\TorOriginalVS2012\x64\Debug\circuitstats.obj
C:\Users\INA-SGX-USER\Desktop\TorVS2012\TorOrignialVS2012\TorOriginalVS2012\TorOriginalVS2012\x64\Debug\circuituse.obj
C:\Users\INA-SGX-USER\Desktop\TorVS2012\TorOrignialVS2012\TorOriginalVS2012\TorOriginalVS2012\x64\Debug\command.obj
C:\Users\INA-SGX-USER\Desktop\TorVS2012\TorOrignialVS2012\TorOriginalVS2012\TorOriginalVS2012\x64\Debug\compat.obj
C:\Users\INA-SGX-USER\Desktop\TorVS2012\TorOrignialVS2012\TorOriginalVS2012\TorOriginalVS2012\x64\Debug\compat_libevent.obj
C:\Users\INA-SGX-USER\Desktop\TorVS2012\TorOrignialVS2012\TorOriginalVS2012\TorOriginalVS2012\x64\Debug\compat_threads.obj
C:\Users\INA-SGX-USER\Desktop\TorVS2012\TorOrignialVS2012\TorOriginalVS2012\TorOriginalVS2012\x64\Debug\compat_winthreads.obj
C:\Users\INA-SGX-USER\Desktop\TorVS2012\TorOrignialVS2012\TorOriginalVS2012\TorOriginalVS2012\x64\Debug\config.obj
C:\Users\INA-SGX-USER\Desktop\TorVS2012\TorOrignialVS2012\TorOriginalVS2012\TorOriginalVS2012\x64\Debug\confparse.obj
C:\Users\INA-SGX-USER\Desktop\TorVS2012\TorOrignialVS2012\TorOriginalVS2012\TorOriginalVS2012\x64\Debug\connection.obj
C:\Users\INA-SGX-USER\Desktop\TorVS2012\TorOrignialVS2012\TorOriginalVS2012\TorOriginalVS2012\x64\Debug\connection_edge.obj
C:\Users\INA-SGX-USER\Desktop\TorVS2012\TorOrignialVS2012\TorOriginalVS2012\TorOriginalVS2012\x64\Debug\connection_or.obj
C:\Users\INA-SGX-USER\Desktop\TorVS2012\TorOrignialVS2012\TorOriginalVS2012\TorOriginalVS2012\x64\Debug\container.obj
C:\Users\INA-SGX-USER\Desktop\TorVS2012\TorOrignialVS2012\TorOriginalVS2012\TorOriginalVS2012\x64\Debug\control.obj
C:\Users\INA-SGX-USER\Desktop\TorVS2012\TorOrignialVS2012\TorOriginalVS2012\TorOriginalVS2012\x64\Debug\cpuworker.obj
C:\Users\INA-SGX-USER\Desktop\TorVS2012\TorOrignialVS2012\TorOriginalVS2012\TorOriginalVS2012\x64\Debug\crypto.obj
C:\Users\INA-SGX-USER\Desktop\TorVS2012\TorOrignialVS2012\TorOriginalVS2012\TorOriginalVS2012\x64\Debug\crypto_curve25519.obj
C:\Users\INA-SGX-USER\Desktop\TorVS2012\TorOrignialVS2012\TorOriginalVS2012\TorOriginalVS2012\x64\Debug\crypto_ed25519.obj
C:\Users\INA-SGX-USER\Desktop\TorVS2012\TorOrignialVS2012\TorOriginalVS2012\TorOriginalVS2012\x64\Debug\crypto_format.obj
C:\Users\INA-SGX-USER\Desktop\TorVS2012\TorOrignialVS2012\TorOriginalVS2012\TorOriginalVS2012\x64\Debug\crypto_pwbox.obj
C:\Users\INA-SGX-USER\Desktop\TorVS2012\TorOrignialVS2012\TorOriginalVS2012\TorOriginalVS2012\x64\Debug\crypto_s2k.obj
C:\Users\INA-SGX-USER\Desktop\TorVS2012\TorOrignialVS2012\TorOriginalVS2012\TorOriginalVS2012\x64\Debug\csiphash.obj
C:\Users\INA-SGX-USER\Desktop\TorVS2012\TorOrignialVS2012\TorOriginalVS2012\TorOriginalVS2012\x64\Debug\curve25519-donna.obj
C:\Users\INA-SGX-USER\Desktop\TorVS2012\TorOrignialVS2012\TorOriginalVS2012\TorOriginalVS2012\x64\Debug\dircollate.obj
C:\Users\INA-SGX-USER\Desktop\TorVS2012\TorOrignialVS2012\TorOriginalVS2012\TorOriginalVS2012\x64\Debug\directory.obj
C:\Users\INA-SGX-USER\Desktop\TorVS2012\TorOrignialVS2012\TorOriginalVS2012\TorOriginalVS2012\x64\Debug\dirserv.obj
C:\Users\INA-SGX-USER\Desktop\TorVS2012\TorOrignialVS2012\TorOriginalVS2012\TorOriginalVS2012\x64\Debug\dirvote.obj
C:\Users\INA-SGX-USER\Desktop\TorVS2012\TorOrignialVS2012\TorOriginalVS2012\TorOriginalVS2012\x64\Debug\di_ops.obj
C:\Users\INA-SGX-USER\Desktop\TorVS2012\TorOrignialVS2012\TorOriginalVS2012\TorOriginalVS2012\x64\Debug\dns.obj
C:\Users\INA-SGX-USER\Desktop\TorVS2012\TorOrignialVS2012\TorOriginalVS2012\TorOriginalVS2012\x64\Debug\dnsserv.obj
C:\Users\INA-SGX-USER\Desktop\TorVS2012\TorOrignialVS2012\TorOriginalVS2012\TorOriginalVS2012\x64\Debug\ed25519_cert.obj
C:\Users\INA-SGX-USER\Desktop\TorVS2012\TorOrignialVS2012\TorOriginalVS2012\TorOriginalVS2012\x64\Debug\ed25519_tor.obj
C:\Users\INA-SGX-USER\Desktop\TorVS2012\TorOrignialVS2012\TorOriginalVS2012\TorOriginalVS2012\x64\Debug\entrynodes.obj
C:\Users\INA-SGX-USER\Desktop\TorVS2012\TorOrignialVS2012\TorOriginalVS2012\TorOriginalVS2012\x64\Debug\ext_orport.obj
C:\Users\INA-SGX-USER\Desktop\TorVS2012\TorOrignialVS2012\TorOriginalVS2012\TorOriginalVS2012\x64\Debug\fe_0.obj
C:\Users\INA-SGX-USER\Desktop\TorVS2012\TorOrignialVS2012\TorOriginalVS2012\TorOriginalVS2012\x64\Debug\fe_1.obj
C:\Users\INA-SGX-USER\Desktop\TorVS2012\TorOrignialVS2012\TorOriginalVS2012\TorOriginalVS2012\x64\Debug\fe_add.obj
C:\Users\INA-SGX-USER\Desktop\TorVS2012\TorOrignialVS2012\TorOriginalVS2012\TorOriginalVS2012\x64\Debug\fe_cmov.obj
C:\Users\INA-SGX-USER\Desktop\TorVS2012\TorOrignialVS2012\TorOriginalVS2012\TorOriginalVS2012\x64\Debug\fe_copy.obj
C:\Users\INA-SGX-USER\Desktop\TorVS2012\TorOrignialVS2012\TorOriginalVS2012\TorOriginalVS2012\x64\Debug\fe_frombytes.obj
C:\Users\INA-SGX-USER\Desktop\TorVS2012\TorOrignialVS2012\TorOriginalVS2012\TorOriginalVS2012\x64\Debug\fe_invert.obj
C:\Users\INA-SGX-USER\Desktop\TorVS2012\TorOrignialVS2012\TorOriginalVS2012\TorOriginalVS2012\x64\Debug\fe_isnegative.obj
C:\Users\INA-SGX-USER\Desktop\TorVS2012\TorOrignialVS2012\TorOriginalVS2012\TorOriginalVS2012\x64\Debug\fe_isnonzero.obj
C:\Users\INA-SGX-USER\Desktop\TorVS2012\TorOrignialVS2012\TorOriginalVS2012\TorOriginalVS2012\x64\Debug\fe_mul.obj
C:\Users\INA-SGX-USER\Desktop\TorVS2012\TorOrignialVS2012\TorOriginalVS2012\TorOriginalVS2012\x64\Debug\fe_neg.obj
C:\Users\INA-SGX-USER\Desktop\TorVS2012\TorOrignialVS2012\TorOriginalVS2012\TorOriginalVS2012\x64\Debug\fe_pow22523.obj
C:\Users\INA-SGX-USER\Desktop\TorVS2012\TorOrignialVS2012\TorOriginalVS2012\TorOriginalVS2012\x64\Debug\fe_sq.obj
C:\Users\INA-SGX-USER\Desktop\TorVS2012\TorOrignialVS2012\TorOriginalVS2012\TorOriginalVS2012\x64\Debug\fe_sq2.obj
C:\Users\INA-SGX-USER\Desktop\TorVS2012\TorOrignialVS2012\TorOriginalVS2012\TorOriginalVS2012\x64\Debug\fe_sub.obj
C:\Users\INA-SGX-USER\Desktop\TorVS2012\TorOrignialVS2012\TorOriginalVS2012\TorOriginalVS2012\x64\Debug\fe_tobytes.obj
C:\Users\INA-SGX-USER\Desktop\TorVS2012\TorOrignialVS2012\TorOriginalVS2012\TorOriginalVS2012\x64\Debug\fp_pair.obj
C:\Users\INA-SGX-USER\Desktop\TorVS2012\TorOrignialVS2012\TorOriginalVS2012\TorOriginalVS2012\x64\Debug\geoip.obj
C:\Users\INA-SGX-USER\Desktop\TorVS2012\TorOrignialVS2012\TorOriginalVS2012\TorOriginalVS2012\x64\Debug\ge_add.obj
C:\Users\INA-SGX-USER\Desktop\TorVS2012\TorOrignialVS2012\TorOriginalVS2012\TorOriginalVS2012\x64\Debug\ge_double_scalarmult.obj
C:\Users\INA-SGX-USER\Desktop\TorVS2012\TorOrignialVS2012\TorOriginalVS2012\TorOriginalVS2012\x64\Debug\ge_frombytes.obj
C:\Users\INA-SGX-USER\Desktop\TorVS2012\TorOrignialVS2012\TorOriginalVS2012\TorOriginalVS2012\x64\Debug\ge_madd.obj
C:\Users\INA-SGX-USER\Desktop\TorVS2012\TorOrignialVS2012\TorOriginalVS2012\TorOriginalVS2012\x64\Debug\ge_msub.obj
C:\Users\INA-SGX-USER\Desktop\TorVS2012\TorOrignialVS2012\TorOriginalVS2012\TorOriginalVS2012\x64\Debug\ge_p1p1_to_p2.obj
C:\Users\INA-SGX-USER\Desktop\TorVS2012\TorOrignialVS2012\TorOriginalVS2012\TorOriginalVS2012\x64\Debug\ge_p1p1_to_p3.obj
C:\Users\INA-SGX-USER\Desktop\TorVS2012\TorOrignialVS2012\TorOriginalVS2012\TorOriginalVS2012\x64\Debug\ge_p2_0.obj
C:\Users\INA-SGX-USER\Desktop\TorVS2012\TorOrignialVS2012\TorOriginalVS2012\TorOriginalVS2012\x64\Debug\ge_p2_dbl.obj
C:\Users\INA-SGX-USER\Desktop\TorVS2012\TorOrignialVS2012\TorOriginalVS2012\TorOriginalVS2012\x64\Debug\ge_p3_0.obj
C:\Users\INA-SGX-USER\Desktop\TorVS2012\TorOrignialVS2012\TorOriginalVS2012\TorOriginalVS2012\x64\Debug\ge_p3_dbl.obj
C:\Users\INA-SGX-USER\Desktop\TorVS2012\TorOrignialVS2012\TorOriginalVS2012\TorOriginalVS2012\x64\Debug\ge_p3_tobytes.obj
C:\Users\INA-SGX-USER\Desktop\TorVS2012\TorOrignialVS2012\TorOriginalVS2012\TorOriginalVS2012\x64\Debug\ge_p3_to_cached.obj
C:\Users\INA-SGX-USER\Desktop\TorVS2012\TorOrignialVS2012\TorOriginalVS2012\TorOriginalVS2012\x64\Debug\ge_p3_to_p2.obj
C:\Users\INA-SGX-USER\Desktop\TorVS2012\TorOrignialVS2012\TorOriginalVS2012\TorOriginalVS2012\x64\Debug\ge_precomp_0.obj
C:\Users\INA-SGX-USER\Desktop\TorVS2012\TorOrignialVS2012\TorOriginalVS2012\TorOriginalVS2012\x64\Debug\ge_scalarmult_base.obj
C:\Users\INA-SGX-USER\Desktop\TorVS2012\TorOrignialVS2012\TorOriginalVS2012\TorOriginalVS2012\x64\Debug\ge_sub.obj
C:\Users\INA-SGX-USER\Desktop\TorVS2012\TorOrignialVS2012\TorOriginalVS2012\TorOriginalVS2012\x64\Debug\ge_tobytes.obj
C:\Users\INA-SGX-USER\Desktop\TorVS2012\TorOrignialVS2012\TorOriginalVS2012\TorOriginalVS2012\x64\Debug\hibernate.obj
C:\Users\INA-SGX-USER\Desktop\TorVS2012\TorOrignialVS2012\TorOriginalVS2012\TorOriginalVS2012\x64\Debug\keyconv.obj
C:\Users\INA-SGX-USER\Desktop\TorVS2012\TorOrignialVS2012\TorOriginalVS2012\TorOriginalVS2012\x64\Debug\keypair.obj
C:\Users\INA-SGX-USER\Desktop\TorVS2012\TorOrignialVS2012\TorOriginalVS2012\TorOriginalVS2012\x64\Debug\keypin.obj
C:\Users\INA-SGX-USER\Desktop\TorVS2012\TorOrignialVS2012\TorOriginalVS2012\TorOriginalVS2012\x64\Debug\link_handshake.obj
C:\Users\INA-SGX-USER\Desktop\TorVS2012\TorOrignialVS2012\TorOriginalVS2012\TorOriginalVS2012\x64\Debug\log.obj
C:\Users\INA-SGX-USER\Desktop\TorVS2012\TorOrignialVS2012\TorOriginalVS2012\TorOriginalVS2012\x64\Debug\main.obj
C:\Users\INA-SGX-USER\Desktop\TorVS2012\TorOrignialVS2012\TorOriginalVS2012\TorOriginalVS2012\x64\Debug\memarea.obj
C:\Users\INA-SGX-USER\Desktop\TorVS2012\TorOrignialVS2012\TorOriginalVS2012\TorOriginalVS2012\x64\Debug\microdesc.obj
C:\Users\INA-SGX-USER\Desktop\TorVS2012\TorOrignialVS2012\TorOriginalVS2012\TorOriginalVS2012\x64\Debug\networkstatus.obj
C:\Users\INA-SGX-USER\Desktop\TorVS2012\TorOrignialVS2012\TorOriginalVS2012\TorOriginalVS2012\x64\Debug\nodelist.obj
C:\Users\INA-SGX-USER\Desktop\TorVS2012\TorOrignialVS2012\TorOriginalVS2012\TorOriginalVS2012\x64\Debug\ntmain.obj
C:\Users\INA-SGX-USER\Desktop\TorVS2012\TorOrignialVS2012\TorOriginalVS2012\TorOriginalVS2012\x64\Debug\onion.obj
C:\Users\INA-SGX-USER\Desktop\TorVS2012\TorOrignialVS2012\TorOriginalVS2012\TorOriginalVS2012\x64\Debug\onion_fast.obj
C:\Users\INA-SGX-USER\Desktop\TorVS2012\TorOrignialVS2012\TorOriginalVS2012\TorOriginalVS2012\x64\Debug\onion_ntor.obj
C:\Users\INA-SGX-USER\Desktop\TorVS2012\TorOrignialVS2012\TorOriginalVS2012\TorOriginalVS2012\x64\Debug\onion_tap.obj
C:\Users\INA-SGX-USER\Desktop\TorVS2012\TorOrignialVS2012\TorOriginalVS2012\TorOriginalVS2012\x64\Debug\open.obj
C:\Users\INA-SGX-USER\Desktop\TorVS2012\TorOrignialVS2012\TorOriginalVS2012\TorOriginalVS2012\x64\Debug\policies.obj
C:\Users\INA-SGX-USER\Desktop\TorVS2012\TorOrignialVS2012\TorOriginalVS2012\TorOriginalVS2012\x64\Debug\procmon.obj
C:\Users\INA-SGX-USER\Desktop\TorVS2012\TorOrignialVS2012\TorOriginalVS2012\TorOriginalVS2012\x64\Debug\pwbox.obj
C:\Users\INA-SGX-USER\Desktop\TorVS2012\TorOrignialVS2012\TorOriginalVS2012\TorOriginalVS2012\x64\Debug\reasons.obj
C:\Users\INA-SGX-USER\Desktop\TorVS2012\TorOrignialVS2012\TorOriginalVS2012\TorOriginalVS2012\x64\Debug\relay.obj
C:\Users\INA-SGX-USER\Desktop\TorVS2012\TorOrignialVS2012\TorOriginalVS2012\TorOriginalVS2012\x64\Debug\remote_attest_server.obj
C:\Users\INA-SGX-USER\Desktop\TorVS2012\TorOrignialVS2012\TorOriginalVS2012\TorOriginalVS2012\x64\Debug\rendcache.obj
C:\Users\INA-SGX-USER\Desktop\TorVS2012\TorOrignialVS2012\TorOriginalVS2012\TorOriginalVS2012\x64\Debug\rendclient.obj
C:\Users\INA-SGX-USER\Desktop\TorVS2012\TorOrignialVS2012\TorOriginalVS2012\TorOriginalVS2012\x64\Debug\rendcommon.obj
C:\Users\INA-SGX-USER\Desktop\TorVS2012\TorOrignialVS2012\TorOriginalVS2012\TorOriginalVS2012\x64\Debug\rendmid.obj
C:\Users\INA-SGX-USER\Desktop\TorVS2012\TorOrignialVS2012\TorOriginalVS2012\TorOriginalVS2012\x64\Debug\rendservice.obj
C:\Users\INA-SGX-USER\Desktop\TorVS2012\TorOrignialVS2012\TorOriginalVS2012\TorOriginalVS2012\x64\Debug\rephist.obj
C:\Users\INA-SGX-USER\Desktop\TorVS2012\TorOrignialVS2012\TorOriginalVS2012\TorOriginalVS2012\x64\Debug\replaycache.obj
C:\Users\INA-SGX-USER\Desktop\TorVS2012\TorOrignialVS2012\TorOriginalVS2012\TorOriginalVS2012\x64\Debug\router.obj
C:\Users\INA-SGX-USER\Desktop\TorVS2012\TorOrignialVS2012\TorOriginalVS2012\TorOriginalVS2012\x64\Debug\routerkeys.obj
C:\Users\INA-SGX-USER\Desktop\TorVS2012\TorOrignialVS2012\TorOriginalVS2012\TorOriginalVS2012\x64\Debug\routerlist.obj
C:\Users\INA-SGX-USER\Desktop\TorVS2012\TorOrignialVS2012\TorOriginalVS2012\TorOriginalVS2012\x64\Debug\routerparse.obj
C:\Users\INA-SGX-USER\Desktop\TorVS2012\TorOrignialVS2012\TorOriginalVS2012\TorOriginalVS2012\x64\Debug\routerset.obj
C:\Users\INA-SGX-USER\Desktop\TorVS2012\TorOrignialVS2012\TorOriginalVS2012\TorOriginalVS2012\x64\Debug\sandbox.obj
C:\Users\INA-SGX-USER\Desktop\TorVS2012\TorOrignialVS2012\TorOriginalVS2012\TorOriginalVS2012\x64\Debug\scheduler.obj
C:\Users\INA-SGX-USER\Desktop\TorVS2012\TorOrignialVS2012\TorOriginalVS2012\TorOriginalVS2012\x64\Debug\sc_muladd.obj
C:\Users\INA-SGX-USER\Desktop\TorVS2012\TorOrignialVS2012\TorOriginalVS2012\TorOriginalVS2012\x64\Debug\sc_reduce.obj
C:\Users\INA-SGX-USER\Desktop\TorVS2012\TorOrignialVS2012\TorOriginalVS2012\TorOriginalVS2012\x64\Debug\sign.obj
C:\Users\INA-SGX-USER\Desktop\TorVS2012\TorOrignialVS2012\TorOriginalVS2012\TorOriginalVS2012\x64\Debug\statefile.obj
C:\Users\INA-SGX-USER\Desktop\TorVS2012\TorOrignialVS2012\TorOriginalVS2012\TorOriginalVS2012\x64\Debug\status.obj
C:\Users\INA-SGX-USER\Desktop\TorVS2012\TorOrignialVS2012\TorOriginalVS2012\TorOriginalVS2012\x64\Debug\tinytest.obj
C:\Users\INA-SGX-USER\Desktop\TorVS2012\TorOrignialVS2012\TorOriginalVS2012\TorOriginalVS2012\x64\Debug\torcert.obj
C:\Users\INA-SGX-USER\Desktop\TorVS2012\TorOrignialVS2012\TorOriginalVS2012\TorOriginalVS2012\x64\Debug\torgzip.obj
C:\Users\INA-SGX-USER\Desktop\TorVS2012\TorOrignialVS2012\TorOriginalVS2012\TorOriginalVS2012\x64\Debug\tortls.obj
C:\Users\INA-SGX-USER\Desktop\TorVS2012\TorOrignialVS2012\TorOriginalVS2012\TorOriginalVS2012\x64\Debug\tor_main.obj
C:\Users\INA-SGX-USER\Desktop\TorVS2012\TorOrignialVS2012\TorOriginalVS2012\TorOriginalVS2012\x64\Debug\transports.obj
C:\Users\INA-SGX-USER\Desktop\TorVS2012\TorOrignialVS2012\TorOriginalVS2012\TorOriginalVS2012\x64\Debug\trunnel.obj
C:\Users\INA-SGX-USER\Desktop\TorVS2012\TorOrignialVS2012\TorOriginalVS2012\TorOriginalVS2012\x64\Debug\util.obj
C:\Users\INA-SGX-USER\Desktop\TorVS2012\TorOrignialVS2012\TorOriginalVS2012\TorOriginalVS2012\x64\Debug\util_format.obj
C:\Users\INA-SGX-USER\Desktop\TorVS2012\TorOrignialVS2012\TorOriginalVS2012\TorOriginalVS2012\x64\Debug\util_process.obj
C:\Users\INA-SGX-USER\Desktop\TorVS2012\TorOrignialVS2012\TorOriginalVS2012\TorOriginalVS2012\x64\Debug\workqueue.obj
C:\Users\INA-SGX-USER\Desktop\TorVS2012\TorOrignialVS2012\TorOriginalVS2012\TorOriginalVS2012\x64\Debug\cl.command.1.tlog
C:\Users\INA-SGX-USER\Desktop\TorVS2012\TorOrignialVS2012\TorOriginalVS2012\TorOriginalVS2012\x64\Debug\CL.read.1.tlog
C:\Users\INA-SGX-USER\Desktop\TorVS2012\TorOrignialVS2012\TorOriginalVS2012\TorOriginalVS2012\x64\Debug\CL.write.1.tlog
C:\Users\INA-SGX-USER\Desktop\TorVS2012\TorOrignialVS2012\TorOriginalVS2012\TorOriginalVS2012\x64\Debug\link-cvtres.read.1.tlog
C:\Users\INA-SGX-USER\Desktop\TorVS2012\TorOrignialVS2012\TorOriginalVS2012\TorOriginalVS2012\x64\Debug\link-cvtres.write.1.tlog
C:\Users\INA-SGX-USER\Desktop\TorVS2012\TorOrignialVS2012\TorOriginalVS2012\TorOriginalVS2012\x64\Debug\link-rc.read.1.tlog
C:\Users\INA-SGX-USER\Desktop\TorVS2012\TorOrignialVS2012\TorOriginalVS2012\TorOriginalVS2012\x64\Debug\link-rc.write.1.tlog
C:\Users\INA-SGX-USER\Desktop\TorVS2012\TorOrignialVS2012\TorOriginalVS2012\TorOriginalVS2012\x64\Debug\link.command.1.tlog
C:\Users\INA-SGX-USER\Desktop\TorVS2012\TorOrignialVS2012\TorOriginalVS2012\TorOriginalVS2012\x64\Debug\link.read.1.tlog
C:\Users\INA-SGX-USER\Desktop\TorVS2012\TorOrignialVS2012\TorOriginalVS2012\TorOriginalVS2012\x64\Debug\link.write.1.tlog
C:\Users\INA-SGX-USER\Desktop\TorVS2012\TorOrignialVS2012\TorOriginalVS2012\TorOriginalVS2012\x64\Debug\vc110.idb
C:\Users\INA-SGX-USER\Desktop\TorVS2012\TorOrignialVS2012\TorOriginalVS2012\TorOriginalVS2012\x64\Debug\vc110.pdb
C:\Users\INA-SGX-USER\Desktop\TorVS2012\TorOrignialVS2012\TorOriginalVS2012\x64\Debug\TorOriginalVS2012.pdb
C:\Users\INA-SGX-USER\Desktop\TorVS2012\TorOrignialVS2012\TorOriginalVS2012\x64\Debug\TorOriginalVS2012.exe
