  Microsoft (R) Macro Assembler (x64) Version 11.00.61030.0
  Copyright (C) Microsoft Corporation.  All rights reserved.
  
   Assembling: inffasx64.asm
  Microsoft (R) Macro Assembler (x64) Version 11.00.61030.0
  Copyright (C) Microsoft Corporation.  All rights reserved.
  
   Assembling: gvmat64.asm
  adler32.c
  compress.c
  crc32.c
  deflate.c
  gzclose.c
  gzlib.c
  gzread.c
  gzwrite.c
  infback.c
  inffas8664.c
  inffast.c
  inflate.c
  inftrees.c
  ioapi.c
  iowin32.c
  trees.c
  uncompr.c
  zutil.c
  unzip.c
  zip.c
  zlibvc.vcxproj -> C:\Users\INA-SGX-USER\Desktop\TorVS2012\zlib-1.2.8\contrib\vstudio\vc11\x64\ZlibDllRelease\zlibwapi.lib
