C:\USERS\INA-SGX-USER\DESKTOP\TORVS2012\ZLIB-1.2.8\CONTRIB\VSTUDIO\VC11\X64\ZLIBDLLRELEASE\TMP\ZUTIL.OBJ
C:\USERS\INA-SGX-USER\DESKTOP\TORVS2012\ZLIB-1.2.8\CONTRIB\VSTUDIO\VC11\X64\ZLIBDLLRELEASE\TMP\UNCOMPR.OBJ
C:\USERS\INA-SGX-USER\DESKTOP\TORVS2012\ZLIB-1.2.8\CONTRIB\VSTUDIO\VC11\X64\ZLIBDLLRELEASE\TMP\TREES.OBJ
C:\USERS\INA-SGX-USER\DESKTOP\TORVS2012\ZLIB-1.2.8\CONTRIB\VSTUDIO\VC11\X64\ZLIBDLLRELEASE\TMP\IOWIN32.OBJ
C:\USERS\INA-SGX-USER\DESKTOP\TORVS2012\ZLIB-1.2.8\CONTRIB\VSTUDIO\VC11\X64\ZLIBDLLRELEASE\TMP\IOAPI.OBJ
C:\USERS\INA-SGX-USER\DESKTOP\TORVS2012\ZLIB-1.2.8\CONTRIB\VSTUDIO\VC11\X64\ZLIBDLLRELEASE\TMP\INFTREES.OBJ
C:\USERS\INA-SGX-USER\DESKTOP\TORVS2012\ZLIB-1.2.8\CONTRIB\VSTUDIO\VC11\X64\ZLIBDLLRELEASE\TMP\INFLATE.OBJ
C:\USERS\INA-SGX-USER\DESKTOP\TORVS2012\ZLIB-1.2.8\CONTRIB\VSTUDIO\VC11\X64\ZLIBDLLRELEASE\TMP\INFFAST.OBJ
C:\USERS\INA-SGX-USER\DESKTOP\TORVS2012\ZLIB-1.2.8\CONTRIB\VSTUDIO\VC11\X64\ZLIBDLLRELEASE\TMP\INFFAS8664.OBJ
C:\USERS\INA-SGX-USER\DESKTOP\TORVS2012\ZLIB-1.2.8\CONTRIB\VSTUDIO\VC11\X64\ZLIBDLLRELEASE\TMP\INFBACK.OBJ
C:\USERS\INA-SGX-USER\DESKTOP\TORVS2012\ZLIB-1.2.8\CONTRIB\VSTUDIO\VC11\X64\ZLIBDLLRELEASE\TMP\GZWRITE.OBJ
C:\USERS\INA-SGX-USER\DESKTOP\TORVS2012\ZLIB-1.2.8\CONTRIB\VSTUDIO\VC11\X64\ZLIBDLLRELEASE\TMP\GZREAD.OBJ
C:\USERS\INA-SGX-USER\DESKTOP\TORVS2012\ZLIB-1.2.8\CONTRIB\VSTUDIO\VC11\X64\ZLIBDLLRELEASE\TMP\GZLIB.OBJ
C:\USERS\INA-SGX-USER\DESKTOP\TORVS2012\ZLIB-1.2.8\CONTRIB\VSTUDIO\VC11\X64\ZLIBDLLRELEASE\TMP\GZCLOSE.OBJ
C:\USERS\INA-SGX-USER\DESKTOP\TORVS2012\ZLIB-1.2.8\CONTRIB\VSTUDIO\VC11\X64\ZLIBDLLRELEASE\TMP\DEFLATE.OBJ
C:\USERS\INA-SGX-USER\DESKTOP\TORVS2012\ZLIB-1.2.8\CONTRIB\VSTUDIO\VC11\X64\ZLIBDLLRELEASE\TMP\CRC32.OBJ
C:\USERS\INA-SGX-USER\DESKTOP\TORVS2012\ZLIB-1.2.8\CONTRIB\VSTUDIO\VC11\X64\ZLIBDLLRELEASE\TMP\COMPRESS.OBJ
C:\USERS\INA-SGX-USER\DESKTOP\TORVS2012\ZLIB-1.2.8\CONTRIB\VSTUDIO\VC11\X64\ZLIBDLLRELEASE\TMP\ADLER32.OBJ
C:\USERS\INA-SGX-USER\DESKTOP\TORVS2012\ZLIB-1.2.8\CONTRIB\VSTUDIO\VC11\X64\ZLIBDLLRELEASE\VC110.PDB
C:\USERS\INA-SGX-USER\DESKTOP\TORVS2012\ZLIB-1.2.8\CONTRIB\VSTUDIO\VC11\X64\ZLIBDLLRELEASE\TMP\ZIP.OBJ
C:\USERS\INA-SGX-USER\DESKTOP\TORVS2012\ZLIB-1.2.8\CONTRIB\VSTUDIO\VC11\X64\ZLIBDLLRELEASE\TMP\UNZIP.OBJ
C:\USERS\INA-SGX-USER\DESKTOP\TORVS2012\ZLIB-1.2.8\CONTRIB\VSTUDIO\VC11\X64\ZLIBDLLRELEASE\ZLIBWAPI.LIB
C:\USERS\INA-SGX-USER\DESKTOP\TORVS2012\ZLIB-1.2.8\CONTRIB\VSTUDIO\VC11\X64\ZLIBDLLRELEASE\TMP\ZLIB.RES
C:\Users\INA-SGX-USER\Desktop\TorVS2012\zlib-1.2.8\contrib\vstudio\vc11\x64\ZlibDllRelease\Tmp\adler32.obj
C:\Users\INA-SGX-USER\Desktop\TorVS2012\zlib-1.2.8\contrib\vstudio\vc11\x64\ZlibDllRelease\Tmp\compress.obj
C:\Users\INA-SGX-USER\Desktop\TorVS2012\zlib-1.2.8\contrib\vstudio\vc11\x64\ZlibDllRelease\Tmp\crc32.obj
C:\Users\INA-SGX-USER\Desktop\TorVS2012\zlib-1.2.8\contrib\vstudio\vc11\x64\ZlibDllRelease\Tmp\deflate.obj
C:\Users\INA-SGX-USER\Desktop\TorVS2012\zlib-1.2.8\contrib\vstudio\vc11\x64\ZlibDllRelease\Tmp\gzclose.obj
C:\Users\INA-SGX-USER\Desktop\TorVS2012\zlib-1.2.8\contrib\vstudio\vc11\x64\ZlibDllRelease\Tmp\gzlib.obj
C:\Users\INA-SGX-USER\Desktop\TorVS2012\zlib-1.2.8\contrib\vstudio\vc11\x64\ZlibDllRelease\Tmp\gzread.obj
C:\Users\INA-SGX-USER\Desktop\TorVS2012\zlib-1.2.8\contrib\vstudio\vc11\x64\ZlibDllRelease\Tmp\gzwrite.obj
C:\Users\INA-SGX-USER\Desktop\TorVS2012\zlib-1.2.8\contrib\vstudio\vc11\x64\ZlibDllRelease\Tmp\infback.obj
C:\Users\INA-SGX-USER\Desktop\TorVS2012\zlib-1.2.8\contrib\vstudio\vc11\x64\ZlibDllRelease\Tmp\inffas8664.obj
C:\Users\INA-SGX-USER\Desktop\TorVS2012\zlib-1.2.8\contrib\vstudio\vc11\x64\ZlibDllRelease\Tmp\inffast.obj
C:\Users\INA-SGX-USER\Desktop\TorVS2012\zlib-1.2.8\contrib\vstudio\vc11\x64\ZlibDllRelease\Tmp\inflate.obj
C:\Users\INA-SGX-USER\Desktop\TorVS2012\zlib-1.2.8\contrib\vstudio\vc11\x64\ZlibDllRelease\Tmp\inftrees.obj
C:\Users\INA-SGX-USER\Desktop\TorVS2012\zlib-1.2.8\contrib\vstudio\vc11\x64\ZlibDllRelease\Tmp\ioapi.obj
C:\Users\INA-SGX-USER\Desktop\TorVS2012\zlib-1.2.8\contrib\vstudio\vc11\x64\ZlibDllRelease\Tmp\iowin32.obj
C:\Users\INA-SGX-USER\Desktop\TorVS2012\zlib-1.2.8\contrib\vstudio\vc11\x64\ZlibDllRelease\Tmp\trees.obj
C:\Users\INA-SGX-USER\Desktop\TorVS2012\zlib-1.2.8\contrib\vstudio\vc11\x64\ZlibDllRelease\Tmp\uncompr.obj
C:\Users\INA-SGX-USER\Desktop\TorVS2012\zlib-1.2.8\contrib\vstudio\vc11\x64\ZlibDllRelease\Tmp\unzip.obj
C:\Users\INA-SGX-USER\Desktop\TorVS2012\zlib-1.2.8\contrib\vstudio\vc11\x64\ZlibDllRelease\Tmp\zip.obj
C:\Users\INA-SGX-USER\Desktop\TorVS2012\zlib-1.2.8\contrib\vstudio\vc11\x64\ZlibDllRelease\Tmp\zutil.obj
C:\Users\INA-SGX-USER\Desktop\TorVS2012\zlib-1.2.8\contrib\vstudio\vc11\x64\ZlibDllRelease\Tmp\cl.command.1.tlog
C:\Users\INA-SGX-USER\Desktop\TorVS2012\zlib-1.2.8\contrib\vstudio\vc11\x64\ZlibDllRelease\Tmp\CL.read.1.tlog
C:\Users\INA-SGX-USER\Desktop\TorVS2012\zlib-1.2.8\contrib\vstudio\vc11\x64\ZlibDllRelease\Tmp\CL.write.1.tlog
C:\Users\INA-SGX-USER\Desktop\TorVS2012\zlib-1.2.8\contrib\vstudio\vc11\x64\ZlibDllRelease\Tmp\Lib-link-cvtres.read.1.tlog
C:\Users\INA-SGX-USER\Desktop\TorVS2012\zlib-1.2.8\contrib\vstudio\vc11\x64\ZlibDllRelease\Tmp\Lib-link-cvtres.write.1.tlog
C:\Users\INA-SGX-USER\Desktop\TorVS2012\zlib-1.2.8\contrib\vstudio\vc11\x64\ZlibDllRelease\Tmp\Lib-link.read.1.tlog
C:\Users\INA-SGX-USER\Desktop\TorVS2012\zlib-1.2.8\contrib\vstudio\vc11\x64\ZlibDllRelease\Tmp\Lib-link.write.1.tlog
C:\Users\INA-SGX-USER\Desktop\TorVS2012\zlib-1.2.8\contrib\vstudio\vc11\x64\ZlibDllRelease\Tmp\lib.command.1.tlog
C:\Users\INA-SGX-USER\Desktop\TorVS2012\zlib-1.2.8\contrib\vstudio\vc11\x64\ZlibDllRelease\Tmp\rc.command.1.tlog
C:\Users\INA-SGX-USER\Desktop\TorVS2012\zlib-1.2.8\contrib\vstudio\vc11\x64\ZlibDllRelease\Tmp\rc.read.1.tlog
C:\Users\INA-SGX-USER\Desktop\TorVS2012\zlib-1.2.8\contrib\vstudio\vc11\x64\ZlibDllRelease\Tmp\rc.write.1.tlog
C:\Users\INA-SGX-USER\Desktop\TorVS2012\zlib-1.2.8\contrib\vstudio\vc11\x64\ZlibDllRelease\Tmp\zlib.res
C:\Users\INA-SGX-USER\Desktop\TorVS2012\zlib-1.2.8\contrib\vstudio\vc11\x64\ZlibDllRelease\zlibwapi.lib
