C:\USERS\INA-SGX-USER\DESKTOP\TORVS2012\ZLIB-1.2.8\CONTRIB\VSTUDIO\VC11\X64\ZLIBSTATRELEASE\TMP\ZUTIL.OBJ
C:\USERS\INA-SGX-USER\DESKTOP\TORVS2012\ZLIB-1.2.8\CONTRIB\VSTUDIO\VC11\X64\ZLIBSTATRELEASE\TMP\ZIP.OBJ
C:\USERS\INA-SGX-USER\DESKTOP\TORVS2012\ZLIB-1.2.8\CONTRIB\VSTUDIO\VC11\X64\ZLIBSTATRELEASE\TMP\UNZIP.OBJ
C:\USERS\INA-SGX-USER\DESKTOP\TORVS2012\ZLIB-1.2.8\CONTRIB\VSTUDIO\VC11\X64\ZLIBSTATRELEASE\TMP\UNCOMPR.OBJ
C:\USERS\INA-SGX-USER\DESKTOP\TORVS2012\ZLIB-1.2.8\CONTRIB\VSTUDIO\VC11\X64\ZLIBSTATRELEASE\TMP\TREES.OBJ
C:\USERS\INA-SGX-USER\DESKTOP\TORVS2012\ZLIB-1.2.8\CONTRIB\VSTUDIO\VC11\X64\ZLIBSTATRELEASE\TMP\IOAPI.OBJ
C:\USERS\INA-SGX-USER\DESKTOP\TORVS2012\ZLIB-1.2.8\CONTRIB\VSTUDIO\VC11\X64\ZLIBSTATRELEASE\TMP\INFTREES.OBJ
C:\USERS\INA-SGX-USER\DESKTOP\TORVS2012\ZLIB-1.2.8\CONTRIB\VSTUDIO\VC11\X64\ZLIBSTATRELEASE\TMP\INFLATE.OBJ
C:\USERS\INA-SGX-USER\DESKTOP\TORVS2012\ZLIB-1.2.8\CONTRIB\VSTUDIO\VC11\X64\ZLIBSTATRELEASE\TMP\INFFAST.OBJ
C:\USERS\INA-SGX-USER\DESKTOP\TORVS2012\ZLIB-1.2.8\CONTRIB\VSTUDIO\VC11\X64\ZLIBSTATRELEASE\TMP\INFFAS8664.OBJ
C:\USERS\INA-SGX-USER\DESKTOP\TORVS2012\ZLIB-1.2.8\CONTRIB\VSTUDIO\VC11\X64\ZLIBSTATRELEASE\TMP\INFBACK.OBJ
C:\USERS\INA-SGX-USER\DESKTOP\TORVS2012\ZLIB-1.2.8\CONTRIB\VSTUDIO\VC11\X64\ZLIBSTATRELEASE\TMP\GZWRITE.OBJ
C:\USERS\INA-SGX-USER\DESKTOP\TORVS2012\ZLIB-1.2.8\CONTRIB\VSTUDIO\VC11\X64\ZLIBSTATRELEASE\TMP\GZREAD.OBJ
C:\USERS\INA-SGX-USER\DESKTOP\TORVS2012\ZLIB-1.2.8\CONTRIB\VSTUDIO\VC11\X64\ZLIBSTATRELEASE\TMP\GZLIB.OBJ
C:\USERS\INA-SGX-USER\DESKTOP\TORVS2012\ZLIB-1.2.8\CONTRIB\VSTUDIO\VC11\X64\ZLIBSTATRELEASE\TMP\GZCLOSE.OBJ
C:\USERS\INA-SGX-USER\DESKTOP\TORVS2012\ZLIB-1.2.8\CONTRIB\VSTUDIO\VC11\X64\ZLIBSTATRELEASE\TMP\DEFLATE.OBJ
C:\USERS\INA-SGX-USER\DESKTOP\TORVS2012\ZLIB-1.2.8\CONTRIB\VSTUDIO\VC11\X64\ZLIBSTATRELEASE\TMP\CRC32.OBJ
C:\USERS\INA-SGX-USER\DESKTOP\TORVS2012\ZLIB-1.2.8\CONTRIB\VSTUDIO\VC11\X64\ZLIBSTATRELEASE\TMP\COMPRESS.OBJ
C:\USERS\INA-SGX-USER\DESKTOP\TORVS2012\ZLIB-1.2.8\CONTRIB\VSTUDIO\VC11\X64\ZLIBSTATRELEASE\TMP\ADLER32.OBJ
C:\USERS\INA-SGX-USER\DESKTOP\TORVS2012\ZLIB-1.2.8\CONTRIB\VSTUDIO\VC11\X64\ZLIBSTATRELEASE\VC110.PDB
C:\USERS\INA-SGX-USER\DESKTOP\TORVS2012\ZLIB-1.2.8\CONTRIB\VSTUDIO\VC11\X64\ZLIBSTATRELEASE\ZLIBSTAT.LIB
C:\USERS\INA-SGX-USER\DESKTOP\TORVS2012\ZLIB-1.2.8\CONTRIB\VSTUDIO\VC11\X64\ZLIBSTATRELEASE\TMP\ZLIB.RES
C:\Users\INA-SGX-USER\Desktop\TorVS2012\zlib-1.2.8\contrib\vstudio\vc11\x64\ZlibStatRelease\Tmp\adler32.obj
C:\Users\INA-SGX-USER\Desktop\TorVS2012\zlib-1.2.8\contrib\vstudio\vc11\x64\ZlibStatRelease\Tmp\compress.obj
C:\Users\INA-SGX-USER\Desktop\TorVS2012\zlib-1.2.8\contrib\vstudio\vc11\x64\ZlibStatRelease\Tmp\crc32.obj
C:\Users\INA-SGX-USER\Desktop\TorVS2012\zlib-1.2.8\contrib\vstudio\vc11\x64\ZlibStatRelease\Tmp\deflate.obj
C:\Users\INA-SGX-USER\Desktop\TorVS2012\zlib-1.2.8\contrib\vstudio\vc11\x64\ZlibStatRelease\Tmp\gzclose.obj
C:\Users\INA-SGX-USER\Desktop\TorVS2012\zlib-1.2.8\contrib\vstudio\vc11\x64\ZlibStatRelease\Tmp\gzlib.obj
C:\Users\INA-SGX-USER\Desktop\TorVS2012\zlib-1.2.8\contrib\vstudio\vc11\x64\ZlibStatRelease\Tmp\gzread.obj
C:\Users\INA-SGX-USER\Desktop\TorVS2012\zlib-1.2.8\contrib\vstudio\vc11\x64\ZlibStatRelease\Tmp\gzwrite.obj
C:\Users\INA-SGX-USER\Desktop\TorVS2012\zlib-1.2.8\contrib\vstudio\vc11\x64\ZlibStatRelease\Tmp\infback.obj
C:\Users\INA-SGX-USER\Desktop\TorVS2012\zlib-1.2.8\contrib\vstudio\vc11\x64\ZlibStatRelease\Tmp\inffas8664.obj
C:\Users\INA-SGX-USER\Desktop\TorVS2012\zlib-1.2.8\contrib\vstudio\vc11\x64\ZlibStatRelease\Tmp\inffast.obj
C:\Users\INA-SGX-USER\Desktop\TorVS2012\zlib-1.2.8\contrib\vstudio\vc11\x64\ZlibStatRelease\Tmp\inflate.obj
C:\Users\INA-SGX-USER\Desktop\TorVS2012\zlib-1.2.8\contrib\vstudio\vc11\x64\ZlibStatRelease\Tmp\inftrees.obj
C:\Users\INA-SGX-USER\Desktop\TorVS2012\zlib-1.2.8\contrib\vstudio\vc11\x64\ZlibStatRelease\Tmp\ioapi.obj
C:\Users\INA-SGX-USER\Desktop\TorVS2012\zlib-1.2.8\contrib\vstudio\vc11\x64\ZlibStatRelease\Tmp\trees.obj
C:\Users\INA-SGX-USER\Desktop\TorVS2012\zlib-1.2.8\contrib\vstudio\vc11\x64\ZlibStatRelease\Tmp\uncompr.obj
C:\Users\INA-SGX-USER\Desktop\TorVS2012\zlib-1.2.8\contrib\vstudio\vc11\x64\ZlibStatRelease\Tmp\unzip.obj
C:\Users\INA-SGX-USER\Desktop\TorVS2012\zlib-1.2.8\contrib\vstudio\vc11\x64\ZlibStatRelease\Tmp\zip.obj
C:\Users\INA-SGX-USER\Desktop\TorVS2012\zlib-1.2.8\contrib\vstudio\vc11\x64\ZlibStatRelease\Tmp\zutil.obj
C:\Users\INA-SGX-USER\Desktop\TorVS2012\zlib-1.2.8\contrib\vstudio\vc11\x64\ZlibStatRelease\Tmp\cl.command.1.tlog
C:\Users\INA-SGX-USER\Desktop\TorVS2012\zlib-1.2.8\contrib\vstudio\vc11\x64\ZlibStatRelease\Tmp\CL.read.1.tlog
C:\Users\INA-SGX-USER\Desktop\TorVS2012\zlib-1.2.8\contrib\vstudio\vc11\x64\ZlibStatRelease\Tmp\CL.write.1.tlog
C:\Users\INA-SGX-USER\Desktop\TorVS2012\zlib-1.2.8\contrib\vstudio\vc11\x64\ZlibStatRelease\Tmp\Lib-link-cvtres.read.1.tlog
C:\Users\INA-SGX-USER\Desktop\TorVS2012\zlib-1.2.8\contrib\vstudio\vc11\x64\ZlibStatRelease\Tmp\Lib-link-cvtres.write.1.tlog
C:\Users\INA-SGX-USER\Desktop\TorVS2012\zlib-1.2.8\contrib\vstudio\vc11\x64\ZlibStatRelease\Tmp\Lib-link.read.1.tlog
C:\Users\INA-SGX-USER\Desktop\TorVS2012\zlib-1.2.8\contrib\vstudio\vc11\x64\ZlibStatRelease\Tmp\Lib-link.write.1.tlog
C:\Users\INA-SGX-USER\Desktop\TorVS2012\zlib-1.2.8\contrib\vstudio\vc11\x64\ZlibStatRelease\Tmp\lib.command.1.tlog
C:\Users\INA-SGX-USER\Desktop\TorVS2012\zlib-1.2.8\contrib\vstudio\vc11\x64\ZlibStatRelease\Tmp\rc.command.1.tlog
C:\Users\INA-SGX-USER\Desktop\TorVS2012\zlib-1.2.8\contrib\vstudio\vc11\x64\ZlibStatRelease\Tmp\rc.read.1.tlog
C:\Users\INA-SGX-USER\Desktop\TorVS2012\zlib-1.2.8\contrib\vstudio\vc11\x64\ZlibStatRelease\Tmp\rc.write.1.tlog
C:\Users\INA-SGX-USER\Desktop\TorVS2012\zlib-1.2.8\contrib\vstudio\vc11\x64\ZlibStatRelease\Tmp\zlib.res
C:\Users\INA-SGX-USER\Desktop\TorVS2012\zlib-1.2.8\contrib\vstudio\vc11\x64\ZlibStatRelease\zlibstat.lib
