C:\USERS\INA-SGX-USER\DESKTOP\TORVS2012\TORVS2012\TORVS2012\X64\RELEASE\CURVE25519-DONNA.OBJ
C:\USERS\INA-SGX-USER\DESKTOP\TORVS2012\TORVS2012\TORVS2012\X64\RELEASE\FE_SQ.OBJ
C:\USERS\INA-SGX-USER\DESKTOP\TORVS2012\TORVS2012\TORVS2012\X64\RELEASE\FE_POW22523.OBJ
C:\USERS\INA-SGX-USER\DESKTOP\TORVS2012\TORVS2012\TORVS2012\X64\RELEASE\FE_NEG.OBJ
C:\USERS\INA-SGX-USER\DESKTOP\TORVS2012\TORVS2012\TORVS2012\X64\RELEASE\FE_MUL.OBJ
C:\USERS\INA-SGX-USER\DESKTOP\TORVS2012\TORVS2012\TORVS2012\X64\RELEASE\FE_ISNONZERO.OBJ
C:\USERS\INA-SGX-USER\DESKTOP\TORVS2012\TORVS2012\TORVS2012\X64\RELEASE\FE_ISNEGATIVE.OBJ
C:\USERS\INA-SGX-USER\DESKTOP\TORVS2012\TORVS2012\TORVS2012\X64\RELEASE\FE_INVERT.OBJ
C:\USERS\INA-SGX-USER\DESKTOP\TORVS2012\TORVS2012\TORVS2012\X64\RELEASE\FE_FROMBYTES.OBJ
C:\USERS\INA-SGX-USER\DESKTOP\TORVS2012\TORVS2012\TORVS2012\X64\RELEASE\FE_COPY.OBJ
C:\USERS\INA-SGX-USER\DESKTOP\TORVS2012\TORVS2012\TORVS2012\X64\RELEASE\FE_CMOV.OBJ
C:\USERS\INA-SGX-USER\DESKTOP\TORVS2012\TORVS2012\TORVS2012\X64\RELEASE\FE_ADD.OBJ
C:\USERS\INA-SGX-USER\DESKTOP\TORVS2012\TORVS2012\TORVS2012\X64\RELEASE\FE_1.OBJ
C:\USERS\INA-SGX-USER\DESKTOP\TORVS2012\TORVS2012\TORVS2012\X64\RELEASE\FE_0.OBJ
C:\USERS\INA-SGX-USER\DESKTOP\TORVS2012\TORVS2012\TORVS2012\X64\RELEASE\ED25519_CERT.OBJ
C:\USERS\INA-SGX-USER\DESKTOP\TORVS2012\TORVS2012\TORVS2012\X64\RELEASE\GE_PRECOMP_0.OBJ
C:\USERS\INA-SGX-USER\DESKTOP\TORVS2012\TORVS2012\TORVS2012\X64\RELEASE\GE_P3_TO_P2.OBJ
C:\USERS\INA-SGX-USER\DESKTOP\TORVS2012\TORVS2012\TORVS2012\X64\RELEASE\GE_P3_TO_CACHED.OBJ
C:\USERS\INA-SGX-USER\DESKTOP\TORVS2012\TORVS2012\TORVS2012\X64\RELEASE\GE_P3_TOBYTES.OBJ
C:\USERS\INA-SGX-USER\DESKTOP\TORVS2012\TORVS2012\TORVS2012\X64\RELEASE\GE_P3_DBL.OBJ
C:\USERS\INA-SGX-USER\DESKTOP\TORVS2012\TORVS2012\TORVS2012\X64\RELEASE\GE_P3_0.OBJ
C:\USERS\INA-SGX-USER\DESKTOP\TORVS2012\TORVS2012\TORVS2012\X64\RELEASE\GE_P2_DBL.OBJ
C:\USERS\INA-SGX-USER\DESKTOP\TORVS2012\TORVS2012\TORVS2012\X64\RELEASE\GE_P2_0.OBJ
C:\USERS\INA-SGX-USER\DESKTOP\TORVS2012\TORVS2012\TORVS2012\X64\RELEASE\GE_P1P1_TO_P3.OBJ
C:\USERS\INA-SGX-USER\DESKTOP\TORVS2012\TORVS2012\TORVS2012\X64\RELEASE\GE_P1P1_TO_P2.OBJ
C:\USERS\INA-SGX-USER\DESKTOP\TORVS2012\TORVS2012\TORVS2012\X64\RELEASE\GE_MSUB.OBJ
C:\USERS\INA-SGX-USER\DESKTOP\TORVS2012\TORVS2012\TORVS2012\X64\RELEASE\GE_MADD.OBJ
C:\USERS\INA-SGX-USER\DESKTOP\TORVS2012\TORVS2012\TORVS2012\X64\RELEASE\GE_FROMBYTES.OBJ
C:\USERS\INA-SGX-USER\DESKTOP\TORVS2012\TORVS2012\TORVS2012\X64\RELEASE\GE_DOUBLE_SCALARMULT.OBJ
C:\USERS\INA-SGX-USER\DESKTOP\TORVS2012\TORVS2012\TORVS2012\X64\RELEASE\GE_ADD.OBJ
C:\USERS\INA-SGX-USER\DESKTOP\TORVS2012\TORVS2012\TORVS2012\X64\RELEASE\FE_TOBYTES.OBJ
C:\USERS\INA-SGX-USER\DESKTOP\TORVS2012\TORVS2012\TORVS2012\X64\RELEASE\FE_SUB.OBJ
C:\USERS\INA-SGX-USER\DESKTOP\TORVS2012\TORVS2012\TORVS2012\X64\RELEASE\FE_SQ2.OBJ
C:\USERS\INA-SGX-USER\DESKTOP\TORVS2012\TORVS2012\TORVS2012\X64\RELEASE\LINK_HANDSHAKE.OBJ
C:\USERS\INA-SGX-USER\DESKTOP\TORVS2012\TORVS2012\TORVS2012\X64\RELEASE\KEYCONV.OBJ
C:\USERS\INA-SGX-USER\DESKTOP\TORVS2012\TORVS2012\TORVS2012\X64\RELEASE\GE_TOBYTES.OBJ
C:\USERS\INA-SGX-USER\DESKTOP\TORVS2012\TORVS2012\TORVS2012\X64\RELEASE\GE_SUB.OBJ
C:\USERS\INA-SGX-USER\DESKTOP\TORVS2012\TORVS2012\TORVS2012\X64\RELEASE\GE_SCALARMULT_BASE.OBJ
C:\USERS\INA-SGX-USER\DESKTOP\TORVS2012\TORVS2012\TORVS2012\X64\RELEASE\SC_MULADD.OBJ
C:\USERS\INA-SGX-USER\DESKTOP\TORVS2012\TORVS2012\TORVS2012\X64\RELEASE\PWBOX.OBJ
C:\USERS\INA-SGX-USER\DESKTOP\TORVS2012\TORVS2012\TORVS2012\X64\RELEASE\TRUNNEL.OBJ
C:\USERS\INA-SGX-USER\DESKTOP\TORVS2012\TORVS2012\TORVS2012\X64\RELEASE\TORSGX_U.OBJ
C:\USERS\INA-SGX-USER\DESKTOP\TORVS2012\TORVS2012\TORVS2012\X64\RELEASE\SC_REDUCE.OBJ
C:\USERS\INA-SGX-USER\DESKTOP\TORVS2012\TORVS2012\TORVS2012\TORSGX_U.H
C:\USERS\INA-SGX-USER\DESKTOP\TORVS2012\TORVS2012\TORVS2012\TORSGX_U.C
C:\Users\INA-SGX-USER\Desktop\TorVS2012\TorVS2012\TorVS2012\x64\Release\curve25519-donna.obj
C:\Users\INA-SGX-USER\Desktop\TorVS2012\TorVS2012\TorVS2012\x64\Release\ed25519_cert.obj
C:\Users\INA-SGX-USER\Desktop\TorVS2012\TorVS2012\TorVS2012\x64\Release\fe_0.obj
C:\Users\INA-SGX-USER\Desktop\TorVS2012\TorVS2012\TorVS2012\x64\Release\fe_1.obj
C:\Users\INA-SGX-USER\Desktop\TorVS2012\TorVS2012\TorVS2012\x64\Release\fe_add.obj
C:\Users\INA-SGX-USER\Desktop\TorVS2012\TorVS2012\TorVS2012\x64\Release\fe_cmov.obj
C:\Users\INA-SGX-USER\Desktop\TorVS2012\TorVS2012\TorVS2012\x64\Release\fe_copy.obj
C:\Users\INA-SGX-USER\Desktop\TorVS2012\TorVS2012\TorVS2012\x64\Release\fe_frombytes.obj
C:\Users\INA-SGX-USER\Desktop\TorVS2012\TorVS2012\TorVS2012\x64\Release\fe_invert.obj
C:\Users\INA-SGX-USER\Desktop\TorVS2012\TorVS2012\TorVS2012\x64\Release\fe_isnegative.obj
C:\Users\INA-SGX-USER\Desktop\TorVS2012\TorVS2012\TorVS2012\x64\Release\fe_isnonzero.obj
C:\Users\INA-SGX-USER\Desktop\TorVS2012\TorVS2012\TorVS2012\x64\Release\fe_mul.obj
C:\Users\INA-SGX-USER\Desktop\TorVS2012\TorVS2012\TorVS2012\x64\Release\fe_neg.obj
C:\Users\INA-SGX-USER\Desktop\TorVS2012\TorVS2012\TorVS2012\x64\Release\fe_pow22523.obj
C:\Users\INA-SGX-USER\Desktop\TorVS2012\TorVS2012\TorVS2012\x64\Release\fe_sq.obj
C:\Users\INA-SGX-USER\Desktop\TorVS2012\TorVS2012\TorVS2012\x64\Release\fe_sq2.obj
C:\Users\INA-SGX-USER\Desktop\TorVS2012\TorVS2012\TorVS2012\x64\Release\fe_sub.obj
C:\Users\INA-SGX-USER\Desktop\TorVS2012\TorVS2012\TorVS2012\x64\Release\fe_tobytes.obj
C:\Users\INA-SGX-USER\Desktop\TorVS2012\TorVS2012\TorVS2012\x64\Release\ge_add.obj
C:\Users\INA-SGX-USER\Desktop\TorVS2012\TorVS2012\TorVS2012\x64\Release\ge_double_scalarmult.obj
C:\Users\INA-SGX-USER\Desktop\TorVS2012\TorVS2012\TorVS2012\x64\Release\ge_frombytes.obj
C:\Users\INA-SGX-USER\Desktop\TorVS2012\TorVS2012\TorVS2012\x64\Release\ge_madd.obj
C:\Users\INA-SGX-USER\Desktop\TorVS2012\TorVS2012\TorVS2012\x64\Release\ge_msub.obj
C:\Users\INA-SGX-USER\Desktop\TorVS2012\TorVS2012\TorVS2012\x64\Release\ge_p1p1_to_p2.obj
C:\Users\INA-SGX-USER\Desktop\TorVS2012\TorVS2012\TorVS2012\x64\Release\ge_p1p1_to_p3.obj
C:\Users\INA-SGX-USER\Desktop\TorVS2012\TorVS2012\TorVS2012\x64\Release\ge_p2_0.obj
C:\Users\INA-SGX-USER\Desktop\TorVS2012\TorVS2012\TorVS2012\x64\Release\ge_p2_dbl.obj
C:\Users\INA-SGX-USER\Desktop\TorVS2012\TorVS2012\TorVS2012\x64\Release\ge_p3_0.obj
C:\Users\INA-SGX-USER\Desktop\TorVS2012\TorVS2012\TorVS2012\x64\Release\ge_p3_dbl.obj
C:\Users\INA-SGX-USER\Desktop\TorVS2012\TorVS2012\TorVS2012\x64\Release\ge_p3_tobytes.obj
C:\Users\INA-SGX-USER\Desktop\TorVS2012\TorVS2012\TorVS2012\x64\Release\ge_p3_to_cached.obj
C:\Users\INA-SGX-USER\Desktop\TorVS2012\TorVS2012\TorVS2012\x64\Release\ge_p3_to_p2.obj
C:\Users\INA-SGX-USER\Desktop\TorVS2012\TorVS2012\TorVS2012\x64\Release\ge_precomp_0.obj
C:\Users\INA-SGX-USER\Desktop\TorVS2012\TorVS2012\TorVS2012\x64\Release\ge_scalarmult_base.obj
C:\Users\INA-SGX-USER\Desktop\TorVS2012\TorVS2012\TorVS2012\x64\Release\ge_sub.obj
C:\Users\INA-SGX-USER\Desktop\TorVS2012\TorVS2012\TorVS2012\x64\Release\ge_tobytes.obj
C:\Users\INA-SGX-USER\Desktop\TorVS2012\TorVS2012\TorVS2012\x64\Release\keyconv.obj
C:\Users\INA-SGX-USER\Desktop\TorVS2012\TorVS2012\TorVS2012\x64\Release\link_handshake.obj
C:\Users\INA-SGX-USER\Desktop\TorVS2012\TorVS2012\TorVS2012\x64\Release\pwbox.obj
C:\Users\INA-SGX-USER\Desktop\TorVS2012\TorVS2012\TorVS2012\x64\Release\sc_muladd.obj
C:\Users\INA-SGX-USER\Desktop\TorVS2012\TorVS2012\TorVS2012\x64\Release\sc_reduce.obj
C:\Users\INA-SGX-USER\Desktop\TorVS2012\TorVS2012\TorVS2012\x64\Release\TorSGX_u.obj
C:\Users\INA-SGX-USER\Desktop\TorVS2012\TorVS2012\TorVS2012\x64\Release\trunnel.obj
C:\Users\INA-SGX-USER\Desktop\TorVS2012\TorVS2012\TorVS2012\x64\Release\cl.command.1.tlog
C:\Users\INA-SGX-USER\Desktop\TorVS2012\TorVS2012\TorVS2012\x64\Release\CL.read.1.tlog
C:\Users\INA-SGX-USER\Desktop\TorVS2012\TorVS2012\TorVS2012\x64\Release\CL.write.1.tlog
C:\Users\INA-SGX-USER\Desktop\TorVS2012\TorVS2012\TorVS2012\x64\Release\custombuild.command.1.tlog
C:\Users\INA-SGX-USER\Desktop\TorVS2012\TorVS2012\TorVS2012\x64\Release\custombuild.read.1.tlog
C:\Users\INA-SGX-USER\Desktop\TorVS2012\TorVS2012\TorVS2012\x64\Release\custombuild.write.1.tlog
C:\Users\INA-SGX-USER\Desktop\TorVS2012\TorVS2012\TorVS2012\x64\Release\vc110.pdb
